2026-07-12 16:19:05 INFO    run_phase19 | ORB-W WF OOS fixed_1 d=60 block s=42 pass=64.3% pap=45.6%
2026-07-12 16:19:06 INFO    run_phase19 | ORB-W WF OOS fixed_1 d=60 block s=7 pass=63.5% pap=45.0%
2026-07-12 16:19:07 INFO    run_phase19 | ORB-W WF OOS fixed_1 d=60 block s=99 pass=63.2% pap=45.0%
2026-07-12 16:19:08 INFO    run_phase19 | ORB-W WF OOS fixed_1 d=60 day s=42 pass=62.1% pap=42.5%
2026-07-12 16:19:08 INFO    run_phase19 | ORB-W WF OOS fixed_1 d=60 day s=7 pass=62.1% pap=42.1%
2026-07-12 16:19:09 INFO    run_phase19 | ORB-W WF OOS fixed_1 d=60 day s=99 pass=62.0% pap=42.8%
2026-07-12 16:19:10 INFO    run_phase19 | ORB-W WF OOS fixed_1 d=90 block s=42 pass=67.7% pap=47.6%
2026-07-12 16:19:11 INFO    run_phase19 | ORB-W WF OOS fixed_1 d=90 block s=7 pass=66.6% pap=47.4%
2026-07-12 16:19:12 INFO    run_phase19 | ORB-W WF OOS fixed_1 d=90 block s=99 pass=66.8% pap=46.9%
2026-07-12 16:19:12 INFO    run_phase19 | ORB-W WF OOS fixed_1 d=90 day s=42 pass=64.2% pap=43.7%
2026-07-12 16:19:13 INFO    run_phase19 | ORB-W WF OOS fixed_1 d=90 day s=7 pass=64.3% pap=43.4%
2026-07-12 16:19:13 INFO    run_phase19 | ORB-W WF OOS fixed_1 d=90 day s=99 pass=63.2% pap=43.8%
2026-07-12 16:19:15 INFO    run_phase19 | ORB-W WF OOS fixed_1 d=120 block s=42 pass=68.2% pap=47.9%
2026-07-12 16:19:16 INFO    run_phase19 | ORB-W WF OOS fixed_1 d=120 block s=7 pass=67.2% pap=47.6%
2026-07-12 16:19:17 INFO    run_phase19 | ORB-W WF OOS fixed_1 d=120 block s=99 pass=65.8% pap=47.1%
2026-07-12 16:19:17 INFO    run_phase19 | ORB-W WF OOS fixed_1 d=120 day s=42 pass=64.2% pap=43.8%
2026-07-12 16:19:18 INFO    run_phase19 | ORB-W WF OOS fixed_1 d=120 day s=7 pass=64.0% pap=43.5%
2026-07-12 16:19:18 INFO    run_phase19 | ORB-W WF OOS fixed_1 d=120 day s=99 pass=63.4% pap=44.0%
2026-07-12 16:19:19 INFO    run_phase19 | ORB-W WF OOS fixed_2 d=60 block s=42 pass=53.3% pap=38.6%
2026-07-12 16:19:20 INFO    run_phase19 | ORB-W WF OOS fixed_2 d=60 block s=7 pass=52.6% pap=37.5%
2026-07-12 16:19:21 INFO    run_phase19 | ORB-W WF OOS fixed_2 d=60 block s=99 pass=52.2% pap=37.9%
2026-07-12 16:19:21 INFO    run_phase19 | ORB-W WF OOS fixed_2 d=60 day s=42 pass=50.9% pap=35.4%
2026-07-12 16:19:22 INFO    run_phase19 | ORB-W WF OOS fixed_2 d=60 day s=7 pass=50.9% pap=34.7%
2026-07-12 16:19:22 INFO    run_phase19 | ORB-W WF OOS fixed_2 d=60 day s=99 pass=49.9% pap=34.8%
2026-07-12 16:19:23 INFO    run_phase19 | ORB-W WF OOS fixed_2 d=90 block s=42 pass=53.3% pap=38.7%
2026-07-12 16:19:24 INFO    run_phase19 | ORB-W WF OOS fixed_2 d=90 block s=7 pass=52.4% pap=37.6%
2026-07-12 16:19:25 INFO    run_phase19 | ORB-W WF OOS fixed_2 d=90 block s=99 pass=53.1% pap=38.0%
2026-07-12 16:19:25 INFO    run_phase19 | ORB-W WF OOS fixed_2 d=90 day s=42 pass=51.0% pap=35.4%
2026-07-12 16:19:25 INFO    run_phase19 | ORB-W WF OOS fixed_2 d=90 day s=7 pass=51.8% pap=34.8%
2026-07-12 16:19:26 INFO    run_phase19 | ORB-W WF OOS fixed_2 d=90 day s=99 pass=50.3% pap=34.9%
2026-07-12 16:19:27 INFO    run_phase19 | ORB-W WF OOS fixed_2 d=120 block s=42 pass=52.9% pap=38.7%
2026-07-12 16:19:28 INFO    run_phase19 | ORB-W WF OOS fixed_2 d=120 block s=7 pass=52.9% pap=37.7%
2026-07-12 16:19:29 INFO    run_phase19 | ORB-W WF OOS fixed_2 d=120 block s=99 pass=52.1% pap=38.0%
2026-07-12 16:19:29 INFO    run_phase19 | ORB-W WF OOS fixed_2 d=120 day s=42 pass=51.0% pap=35.4%
2026-07-12 16:19:29 INFO    run_phase19 | ORB-W WF OOS fixed_2 d=120 day s=7 pass=50.7% pap=34.8%
2026-07-12 16:19:30 INFO    run_phase19 | ORB-W WF OOS fixed_2 d=120 day s=99 pass=50.2% pap=34.9%
2026-07-12 16:19:30 INFO    run_phase19 | ORB-W WF OOS upshift_400 d=60 block s=42 pass=50.4% pap=36.8%
2026-07-12 16:19:31 INFO    run_phase19 | ORB-W WF OOS upshift_400 d=60 block s=7 pass=50.0% pap=35.4%
2026-07-12 16:19:32 INFO    run_phase19 | ORB-W WF OOS upshift_400 d=60 block s=99 pass=49.1% pap=35.6%
2026-07-12 16:19:32 INFO    run_phase19 | ORB-W WF OOS upshift_400 d=60 day s=42 pass=49.6% pap=34.1%
2026-07-12 16:19:33 INFO    run_phase19 | ORB-W WF OOS upshift_400 d=60 day s=7 pass=49.8% pap=33.7%
2026-07-12 16:19:33 INFO    run_phase19 | ORB-W WF OOS upshift_400 d=60 day s=99 pass=48.5% pap=33.8%
2026-07-12 16:19:34 INFO    run_phase19 | ORB-W WF OOS upshift_400 d=90 block s=42 pass=50.9% pap=36.9%
2026-07-12 16:19:35 INFO    run_phase19 | ORB-W WF OOS upshift_400 d=90 block s=7 pass=49.3% pap=35.4%
2026-07-12 16:19:36 INFO    run_phase19 | ORB-W WF OOS upshift_400 d=90 block s=99 pass=50.4% pap=35.6%
2026-07-12 16:19:36 INFO    run_phase19 | ORB-W WF OOS upshift_400 d=90 day s=42 pass=49.3% pap=34.2%
2026-07-12 16:19:37 INFO    run_phase19 | ORB-W WF OOS upshift_400 d=90 day s=7 pass=50.4% pap=33.8%
2026-07-12 16:19:37 INFO    run_phase19 | ORB-W WF OOS upshift_400 d=90 day s=99 pass=48.4% pap=33.8%
2026-07-12 16:19:38 INFO    run_phase19 | ORB-W WF OOS upshift_400 d=120 block s=42 pass=50.2% pap=36.9%
2026-07-12 16:19:39 INFO    run_phase19 | ORB-W WF OOS upshift_400 d=120 block s=7 pass=50.0% pap=35.5%
2026-07-12 16:19:40 INFO    run_phase19 | ORB-W WF OOS upshift_400 d=120 block s=99 pass=49.2% pap=35.6%
2026-07-12 16:19:40 INFO    run_phase19 | ORB-W WF OOS upshift_400 d=120 day s=42 pass=49.2% pap=34.2%
2026-07-12 16:19:41 INFO    run_phase19 | ORB-W WF OOS upshift_400 d=120 day s=7 pass=49.3% pap=33.8%
2026-07-12 16:19:41 INFO    run_phase19 | ORB-W WF OOS upshift_400 d=120 day s=99 pass=48.9% pap=33.9%
2026-07-12 16:19:42 INFO    run_phase19 | ORB-W WF OOS upshift_500 d=60 block s=42 pass=50.6% pap=36.7%
2026-07-12 16:19:43 INFO    run_phase19 | ORB-W WF OOS upshift_500 d=60 block s=7 pass=49.9% pap=35.7%
2026-07-12 16:19:44 INFO    run_phase19 | ORB-W WF OOS upshift_500 d=60 block s=99 pass=49.6% pap=35.9%
2026-07-12 16:19:44 INFO    run_phase19 | ORB-W WF OOS upshift_500 d=60 day s=42 pass=50.5% pap=34.7%
2026-07-12 16:19:44 INFO    run_phase19 | ORB-W WF OOS upshift_500 d=60 day s=7 pass=50.6% pap=34.3%
2026-07-12 16:19:45 INFO    run_phase19 | ORB-W WF OOS upshift_500 d=60 day s=99 pass=49.4% pap=34.3%
2026-07-12 16:19:45 INFO    run_phase19 | ORB-W WF OOS upshift_500 d=90 block s=42 pass=51.4% pap=36.8%
2026-07-12 16:19:46 INFO    run_phase19 | ORB-W WF OOS upshift_500 d=90 block s=7 pass=49.4% pap=35.8%
2026-07-12 16:19:47 INFO    run_phase19 | ORB-W WF OOS upshift_500 d=90 block s=99 pass=50.4% pap=36.0%
2026-07-12 16:19:48 INFO    run_phase19 | ORB-W WF OOS upshift_500 d=90 day s=42 pass=50.0% pap=34.8%
2026-07-12 16:19:48 INFO    run_phase19 | ORB-W WF OOS upshift_500 d=90 day s=7 pass=51.1% pap=34.4%
2026-07-12 16:19:48 INFO    run_phase19 | ORB-W WF OOS upshift_500 d=90 day s=99 pass=49.2% pap=34.3%
2026-07-12 16:19:49 INFO    run_phase19 | ORB-W WF OOS upshift_500 d=120 block s=42 pass=50.6% pap=36.8%
2026-07-12 16:19:50 INFO    run_phase19 | ORB-W WF OOS upshift_500 d=120 block s=7 pass=50.2% pap=35.8%
2026-07-12 16:19:52 INFO    run_phase19 | ORB-W WF OOS upshift_500 d=120 block s=99 pass=49.4% pap=36.0%
2026-07-12 16:19:52 INFO    run_phase19 | ORB-W WF OOS upshift_500 d=120 day s=42 pass=50.1% pap=34.8%
2026-07-12 16:19:52 INFO    run_phase19 | ORB-W WF OOS upshift_500 d=120 day s=7 pass=50.1% pap=34.4%
2026-07-12 16:19:53 INFO    run_phase19 | ORB-W WF OOS upshift_500 d=120 day s=99 pass=49.8% pap=34.4%
2026-07-12 16:19:53 INFO    run_phase19 | ORB-W WF OOS upshift_600 d=60 block s=42 pass=51.8% pap=37.2%
2026-07-12 16:19:54 INFO    run_phase19 | ORB-W WF OOS upshift_600 d=60 block s=7 pass=50.7% pap=36.2%
2026-07-12 16:19:55 INFO    run_phase19 | ORB-W WF OOS upshift_600 d=60 block s=99 pass=50.5% pap=36.2%
2026-07-12 16:19:56 INFO    run_phase19 | ORB-W WF OOS upshift_600 d=60 day s=42 pass=51.6% pap=35.5%
2026-07-12 16:19:56 INFO    run_phase19 | ORB-W WF OOS upshift_600 d=60 day s=7 pass=51.2% pap=35.0%
2026-07-12 16:19:56 INFO    run_phase19 | ORB-W WF OOS upshift_600 d=60 day s=99 pass=50.8% pap=35.3%
2026-07-12 16:19:57 INFO    run_phase19 | ORB-W WF OOS upshift_600 d=90 block s=42 pass=52.1% pap=37.3%
2026-07-12 16:19:58 INFO    run_phase19 | ORB-W WF OOS upshift_600 d=90 block s=7 pass=50.6% pap=36.3%
2026-07-12 16:19:59 INFO    run_phase19 | ORB-W WF OOS upshift_600 d=90 block s=99 pass=51.2% pap=36.4%
2026-07-12 16:20:00 INFO    run_phase19 | ORB-W WF OOS upshift_600 d=90 day s=42 pass=51.2% pap=35.6%
2026-07-12 16:20:00 INFO    run_phase19 | ORB-W WF OOS upshift_600 d=90 day s=7 pass=52.3% pap=35.1%
2026-07-12 16:20:00 INFO    run_phase19 | ORB-W WF OOS upshift_600 d=90 day s=99 pass=50.8% pap=35.4%
2026-07-12 16:20:01 INFO    run_phase19 | ORB-W WF OOS upshift_600 d=120 block s=42 pass=52.0% pap=37.3%
2026-07-12 16:20:02 INFO    run_phase19 | ORB-W WF OOS upshift_600 d=120 block s=7 pass=50.9% pap=36.3%
2026-07-12 16:20:03 INFO    run_phase19 | ORB-W WF OOS upshift_600 d=120 block s=99 pass=50.6% pap=36.4%
2026-07-12 16:20:04 INFO    run_phase19 | ORB-W WF OOS upshift_600 d=120 day s=42 pass=51.6% pap=35.6%
2026-07-12 16:20:04 INFO    run_phase19 | ORB-W WF OOS upshift_600 d=120 day s=7 pass=50.9% pap=35.1%
2026-07-12 16:20:04 INFO    run_phase19 | ORB-W WF OOS upshift_600 d=120 day s=99 pass=51.1% pap=35.4%
2026-07-12 16:20:05 INFO    run_phase19 | ORB-W WF OOS upshift_700 d=60 block s=42 pass=53.9% pap=39.0%
2026-07-12 16:20:06 INFO    run_phase19 | ORB-W WF OOS upshift_700 d=60 block s=7 pass=53.0% pap=37.4%
2026-07-12 16:20:07 INFO    run_phase19 | ORB-W WF OOS upshift_700 d=60 block s=99 pass=52.8% pap=38.0%
2026-07-12 16:20:07 INFO    run_phase19 | ORB-W WF OOS upshift_700 d=60 day s=42 pass=52.4% pap=36.4%
2026-07-12 16:20:08 INFO    run_phase19 | ORB-W WF OOS upshift_700 d=60 day s=7 pass=52.9% pap=36.0%
2026-07-12 16:20:08 INFO    run_phase19 | ORB-W WF OOS upshift_700 d=60 day s=99 pass=52.2% pap=36.0%
2026-07-12 16:20:09 INFO    run_phase19 | ORB-W WF OOS upshift_700 d=90 block s=42 pass=54.2% pap=39.4%
2026-07-12 16:20:10 INFO    run_phase19 | ORB-W WF OOS upshift_700 d=90 block s=7 pass=53.1% pap=37.8%
2026-07-12 16:20:11 INFO    run_phase19 | ORB-W WF OOS upshift_700 d=90 block s=99 pass=54.1% pap=38.3%
2026-07-12 16:20:11 INFO    run_phase19 | ORB-W WF OOS upshift_700 d=90 day s=42 pass=52.6% pap=36.5%
2026-07-12 16:20:12 INFO    run_phase19 | ORB-W WF OOS upshift_700 d=90 day s=7 pass=54.1% pap=36.2%
2026-07-12 16:20:12 INFO    run_phase19 | ORB-W WF OOS upshift_700 d=90 day s=99 pass=52.2% pap=36.2%
2026-07-12 16:20:13 INFO    run_phase19 | ORB-W WF OOS upshift_700 d=120 block s=42 pass=54.8% pap=39.4%
2026-07-12 16:20:14 INFO    run_phase19 | ORB-W WF OOS upshift_700 d=120 block s=7 pass=53.7% pap=37.9%
2026-07-12 16:20:15 INFO    run_phase19 | ORB-W WF OOS upshift_700 d=120 block s=99 pass=53.2% pap=38.3%
2026-07-12 16:20:16 INFO    run_phase19 | ORB-W WF OOS upshift_700 d=120 day s=42 pass=52.5% pap=36.5%
2026-07-12 16:20:16 INFO    run_phase19 | ORB-W WF OOS upshift_700 d=120 day s=7 pass=52.6% pap=36.2%
2026-07-12 16:20:17 INFO    run_phase19 | ORB-W WF OOS upshift_700 d=120 day s=99 pass=52.4% pap=36.2%
2026-07-12 16:20:17 INFO    run_phase19 | ORB-W WF OOS upshift_800 d=60 block s=42 pass=54.6% pap=39.3%
2026-07-12 16:20:18 INFO    run_phase19 | ORB-W WF OOS upshift_800 d=60 block s=7 pass=53.6% pap=38.1%
2026-07-12 16:20:19 INFO    run_phase19 | ORB-W WF OOS upshift_800 d=60 block s=99 pass=53.6% pap=38.2%
2026-07-12 16:20:20 INFO    run_phase19 | ORB-W WF OOS upshift_800 d=60 day s=42 pass=54.2% pap=37.5%
2026-07-12 16:20:20 INFO    run_phase19 | ORB-W WF OOS upshift_800 d=60 day s=7 pass=54.4% pap=37.0%
2026-07-12 16:20:20 INFO    run_phase19 | ORB-W WF OOS upshift_800 d=60 day s=99 pass=54.2% pap=37.3%
2026-07-12 16:20:21 INFO    run_phase19 | ORB-W WF OOS upshift_800 d=90 block s=42 pass=55.6% pap=40.1%
2026-07-12 16:20:22 INFO    run_phase19 | ORB-W WF OOS upshift_800 d=90 block s=7 pass=54.4% pap=38.9%
2026-07-12 16:20:23 INFO    run_phase19 | ORB-W WF OOS upshift_800 d=90 block s=99 pass=55.3% pap=39.1%
2026-07-12 16:20:24 INFO    run_phase19 | ORB-W WF OOS upshift_800 d=90 day s=42 pass=54.5% pap=37.8%
2026-07-12 16:20:24 INFO    run_phase19 | ORB-W WF OOS upshift_800 d=90 day s=7 pass=55.9% pap=37.4%
2026-07-12 16:20:25 INFO    run_phase19 | ORB-W WF OOS upshift_800 d=90 day s=99 pass=53.9% pap=37.6%
2026-07-12 16:20:26 INFO    run_phase19 | ORB-W WF OOS upshift_800 d=120 block s=42 pass=56.2% pap=40.1%
2026-07-12 16:20:27 INFO    run_phase19 | ORB-W WF OOS upshift_800 d=120 block s=7 pass=55.1% pap=39.0%
2026-07-12 16:20:28 INFO    run_phase19 | ORB-W WF OOS upshift_800 d=120 block s=99 pass=54.5% pap=39.1%
2026-07-12 16:20:28 INFO    run_phase19 | ORB-W WF OOS upshift_800 d=120 day s=42 pass=54.6% pap=37.8%
2026-07-12 16:20:29 INFO    run_phase19 | ORB-W WF OOS upshift_800 d=120 day s=7 pass=54.6% pap=37.4%
2026-07-12 16:20:29 INFO    run_phase19 | ORB-W WF OOS upshift_800 d=120 day s=99 pass=54.0% pap=37.6%
2026-07-12 16:20:30 INFO    run_phase19 | ORB-W WF OOS downshift_400 d=60 block s=42 pass=50.4% pap=36.8%
2026-07-12 16:20:31 INFO    run_phase19 | ORB-W WF OOS downshift_400 d=60 block s=7 pass=50.0% pap=35.4%
2026-07-12 16:20:32 INFO    run_phase19 | ORB-W WF OOS downshift_400 d=60 block s=99 pass=49.1% pap=35.6%
2026-07-12 16:20:32 INFO    run_phase19 | ORB-W WF OOS downshift_400 d=60 day s=42 pass=49.6% pap=34.1%
2026-07-12 16:20:32 INFO    run_phase19 | ORB-W WF OOS downshift_400 d=60 day s=7 pass=49.8% pap=33.7%
2026-07-12 16:20:32 INFO    run_phase19 | ORB-W WF OOS downshift_400 d=60 day s=99 pass=48.5% pap=33.8%
2026-07-12 16:20:33 INFO    run_phase19 | ORB-W WF OOS downshift_400 d=90 block s=42 pass=50.9% pap=36.9%
2026-07-12 16:20:34 INFO    run_phase19 | ORB-W WF OOS downshift_400 d=90 block s=7 pass=49.3% pap=35.4%
2026-07-12 16:20:35 INFO    run_phase19 | ORB-W WF OOS downshift_400 d=90 block s=99 pass=50.4% pap=35.6%
2026-07-12 16:20:36 INFO    run_phase19 | ORB-W WF OOS downshift_400 d=90 day s=42 pass=49.3% pap=34.2%
2026-07-12 16:20:36 INFO    run_phase19 | ORB-W WF OOS downshift_400 d=90 day s=7 pass=50.4% pap=33.8%
2026-07-12 16:20:36 INFO    run_phase19 | ORB-W WF OOS downshift_400 d=90 day s=99 pass=48.4% pap=33.8%
2026-07-12 16:20:37 INFO    run_phase19 | ORB-W WF OOS downshift_400 d=120 block s=42 pass=50.2% pap=36.9%
2026-07-12 16:20:38 INFO    run_phase19 | ORB-W WF OOS downshift_400 d=120 block s=7 pass=50.0% pap=35.5%
2026-07-12 16:20:39 INFO    run_phase19 | ORB-W WF OOS downshift_400 d=120 block s=99 pass=49.2% pap=35.6%
2026-07-12 16:20:40 INFO    run_phase19 | ORB-W WF OOS downshift_400 d=120 day s=42 pass=49.2% pap=34.2%
2026-07-12 16:20:40 INFO    run_phase19 | ORB-W WF OOS downshift_400 d=120 day s=7 pass=49.3% pap=33.8%
2026-07-12 16:20:40 INFO    run_phase19 | ORB-W WF OOS downshift_400 d=120 day s=99 pass=48.9% pap=33.9%
2026-07-12 16:20:41 INFO    run_phase19 | ORB-W WF OOS downshift_600 d=60 block s=42 pass=51.8% pap=37.2%
2026-07-12 16:20:42 INFO    run_phase19 | ORB-W WF OOS downshift_600 d=60 block s=7 pass=50.7% pap=36.2%
2026-07-12 16:20:43 INFO    run_phase19 | ORB-W WF OOS downshift_600 d=60 block s=99 pass=50.5% pap=36.2%
2026-07-12 16:20:43 INFO    run_phase19 | ORB-W WF OOS downshift_600 d=60 day s=42 pass=51.6% pap=35.5%
2026-07-12 16:20:44 INFO    run_phase19 | ORB-W WF OOS downshift_600 d=60 day s=7 pass=51.2% pap=35.0%
2026-07-12 16:20:44 INFO    run_phase19 | ORB-W WF OOS downshift_600 d=60 day s=99 pass=50.8% pap=35.3%
2026-07-12 16:20:45 INFO    run_phase19 | ORB-W WF OOS downshift_600 d=90 block s=42 pass=52.1% pap=37.3%
2026-07-12 16:20:46 INFO    run_phase19 | ORB-W WF OOS downshift_600 d=90 block s=7 pass=50.6% pap=36.3%
2026-07-12 16:20:47 INFO    run_phase19 | ORB-W WF OOS downshift_600 d=90 block s=99 pass=51.2% pap=36.4%
2026-07-12 16:20:47 INFO    run_phase19 | ORB-W WF OOS downshift_600 d=90 day s=42 pass=51.2% pap=35.6%
2026-07-12 16:20:47 INFO    run_phase19 | ORB-W WF OOS downshift_600 d=90 day s=7 pass=52.3% pap=35.1%
2026-07-12 16:20:48 INFO    run_phase19 | ORB-W WF OOS downshift_600 d=90 day s=99 pass=50.8% pap=35.4%
2026-07-12 16:20:49 INFO    run_phase19 | ORB-W WF OOS downshift_600 d=120 block s=42 pass=52.0% pap=37.3%
2026-07-12 16:20:50 INFO    run_phase19 | ORB-W WF OOS downshift_600 d=120 block s=7 pass=50.9% pap=36.3%
2026-07-12 16:20:51 INFO    run_phase19 | ORB-W WF OOS downshift_600 d=120 block s=99 pass=50.6% pap=36.4%
2026-07-12 16:20:51 INFO    run_phase19 | ORB-W WF OOS downshift_600 d=120 day s=42 pass=51.6% pap=35.6%
2026-07-12 16:20:52 INFO    run_phase19 | ORB-W WF OOS downshift_600 d=120 day s=7 pass=50.9% pap=35.1%
2026-07-12 16:20:52 INFO    run_phase19 | ORB-W WF OOS downshift_600 d=120 day s=99 pass=51.1% pap=35.4%
2026-07-12 16:20:53 INFO    run_phase19 | ORB-W WF OOS post_lock_2 d=60 block s=42 pass=60.0% pap=42.4%
2026-07-12 16:20:54 INFO    run_phase19 | ORB-W WF OOS post_lock_2 d=60 block s=7 pass=59.1% pap=42.1%
2026-07-12 16:20:55 INFO    run_phase19 | ORB-W WF OOS post_lock_2 d=60 block s=99 pass=59.4% pap=42.2%
2026-07-12 16:20:56 INFO    run_phase19 | ORB-W WF OOS post_lock_2 d=60 day s=42 pass=58.0% pap=40.1%
2026-07-12 16:20:56 INFO    run_phase19 | ORB-W WF OOS post_lock_2 d=60 day s=7 pass=58.1% pap=39.2%
2026-07-12 16:20:57 INFO    run_phase19 | ORB-W WF OOS post_lock_2 d=60 day s=99 pass=57.8% pap=40.2%
2026-07-12 16:20:58 INFO    run_phase19 | ORB-W WF OOS post_lock_2 d=90 block s=42 pass=61.7% pap=43.5%
2026-07-12 16:20:59 INFO    run_phase19 | ORB-W WF OOS post_lock_2 d=90 block s=7 pass=61.1% pap=43.4%
2026-07-12 16:21:00 INFO    run_phase19 | ORB-W WF OOS post_lock_2 d=90 block s=99 pass=61.7% pap=43.3%
2026-07-12 16:21:00 INFO    run_phase19 | ORB-W WF OOS post_lock_2 d=90 day s=42 pass=59.0% pap=40.6%
2026-07-12 16:21:01 INFO    run_phase19 | ORB-W WF OOS post_lock_2 d=90 day s=7 pass=59.0% pap=39.9%
2026-07-12 16:21:01 INFO    run_phase19 | ORB-W WF OOS post_lock_2 d=90 day s=99 pass=58.1% pap=40.8%
2026-07-12 16:21:02 INFO    run_phase19 | ORB-W WF OOS post_lock_2 d=120 block s=42 pass=62.3% pap=43.6%
2026-07-12 16:21:03 INFO    run_phase19 | ORB-W WF OOS post_lock_2 d=120 block s=7 pass=61.3% pap=43.4%
2026-07-12 16:21:05 INFO    run_phase19 | ORB-W WF OOS post_lock_2 d=120 block s=99 pass=60.6% pap=43.4%
2026-07-12 16:21:05 INFO    run_phase19 | ORB-W WF OOS post_lock_2 d=120 day s=42 pass=58.8% pap=40.6%
2026-07-12 16:21:06 INFO    run_phase19 | ORB-W WF OOS post_lock_2 d=120 day s=7 pass=58.8% pap=40.0%
2026-07-12 16:21:06 INFO    run_phase19 | ORB-W WF OOS post_lock_2 d=120 day s=99 pass=58.4% pap=40.8%
2026-07-12 16:21:07 INFO    run_phase19 | ORB-W WF OOS post_lock_3 d=60 block s=42 pass=53.9% pap=38.4%
2026-07-12 16:21:08 INFO    run_phase19 | ORB-W WF OOS post_lock_3 d=60 block s=7 pass=52.6% pap=37.3%
2026-07-12 16:21:09 INFO    run_phase19 | ORB-W WF OOS post_lock_3 d=60 block s=99 pass=53.3% pap=37.7%
2026-07-12 16:21:09 INFO    run_phase19 | ORB-W WF OOS post_lock_3 d=60 day s=42 pass=53.3% pap=36.7%
2026-07-12 16:21:10 INFO    run_phase19 | ORB-W WF OOS post_lock_3 d=60 day s=7 pass=52.8% pap=35.9%
2026-07-12 16:21:10 INFO    run_phase19 | ORB-W WF OOS post_lock_3 d=60 day s=99 pass=53.3% pap=37.1%
2026-07-12 16:21:11 INFO    run_phase19 | ORB-W WF OOS post_lock_3 d=90 block s=42 pass=55.2% pap=39.2%
2026-07-12 16:21:12 INFO    run_phase19 | ORB-W WF OOS post_lock_3 d=90 block s=7 pass=54.6% pap=38.4%
2026-07-12 16:21:13 INFO    run_phase19 | ORB-W WF OOS post_lock_3 d=90 block s=99 pass=54.9% pap=38.5%
2026-07-12 16:21:14 INFO    run_phase19 | ORB-W WF OOS post_lock_3 d=90 day s=42 pass=54.3% pap=37.2%
2026-07-12 16:21:14 INFO    run_phase19 | ORB-W WF OOS post_lock_3 d=90 day s=7 pass=54.3% pap=36.5%
2026-07-12 16:21:15 INFO    run_phase19 | ORB-W WF OOS post_lock_3 d=90 day s=99 pass=53.4% pap=37.7%
2026-07-12 16:21:16 INFO    run_phase19 | ORB-W WF OOS post_lock_3 d=120 block s=42 pass=56.0% pap=39.3%
2026-07-12 16:21:17 INFO    run_phase19 | ORB-W WF OOS post_lock_3 d=120 block s=7 pass=54.5% pap=38.4%
2026-07-12 16:21:18 INFO    run_phase19 | ORB-W WF OOS post_lock_3 d=120 block s=99 pass=54.3% pap=38.6%
2026-07-12 16:21:19 INFO    run_phase19 | ORB-W WF OOS post_lock_3 d=120 day s=42 pass=53.9% pap=37.2%
2026-07-12 16:21:19 INFO    run_phase19 | ORB-W WF OOS post_lock_3 d=120 day s=7 pass=53.8% pap=36.5%
2026-07-12 16:21:20 INFO    run_phase19 | ORB-W WF OOS post_lock_3 d=120 day s=99 pass=54.3% pap=37.7%
2026-07-12 16:21:21 INFO    run_phase19 | ORB-W WF OOS skip_cushion_200 d=60 block s=42 pass=56.1% pap=39.7%
2026-07-12 16:21:22 INFO    run_phase19 | ORB-W WF OOS skip_cushion_200 d=60 block s=7 pass=54.9% pap=39.1%
2026-07-12 16:21:23 INFO    run_phase19 | ORB-W WF OOS skip_cushion_200 d=60 block s=99 pass=54.9% pap=39.3%
2026-07-12 16:21:23 INFO    run_phase19 | ORB-W WF OOS skip_cushion_200 d=60 day s=42 pass=53.0% pap=36.2%
2026-07-12 16:21:23 INFO    run_phase19 | ORB-W WF OOS skip_cushion_200 d=60 day s=7 pass=53.1% pap=36.2%
2026-07-12 16:21:24 INFO    run_phase19 | ORB-W WF OOS skip_cushion_200 d=60 day s=99 pass=53.0% pap=36.5%
2026-07-12 16:21:25 INFO    run_phase19 | ORB-W WF OOS skip_cushion_200 d=90 block s=42 pass=56.9% pap=40.5%
2026-07-12 16:21:26 INFO    run_phase19 | ORB-W WF OOS skip_cushion_200 d=90 block s=7 pass=55.7% pap=39.9%
2026-07-12 16:21:27 INFO    run_phase19 | ORB-W WF OOS skip_cushion_200 d=90 block s=99 pass=57.0% pap=40.0%
2026-07-12 16:21:28 INFO    run_phase19 | ORB-W WF OOS skip_cushion_200 d=90 day s=42 pass=53.6% pap=36.6%
2026-07-12 16:21:28 INFO    run_phase19 | ORB-W WF OOS skip_cushion_200 d=90 day s=7 pass=54.6% pap=36.6%
2026-07-12 16:21:29 INFO    run_phase19 | ORB-W WF OOS skip_cushion_200 d=90 day s=99 pass=52.9% pap=36.9%
2026-07-12 16:21:30 INFO    run_phase19 | ORB-W WF OOS skip_cushion_200 d=120 block s=42 pass=57.8% pap=40.5%
2026-07-12 16:21:31 INFO    run_phase19 | ORB-W WF OOS skip_cushion_200 d=120 block s=7 pass=56.1% pap=40.0%
2026-07-12 16:21:32 INFO    run_phase19 | ORB-W WF OOS skip_cushion_200 d=120 block s=99 pass=55.6% pap=40.0%
2026-07-12 16:21:33 INFO    run_phase19 | ORB-W WF OOS skip_cushion_200 d=120 day s=42 pass=53.1% pap=36.6%
2026-07-12 16:21:33 INFO    run_phase19 | ORB-W WF OOS skip_cushion_200 d=120 day s=7 pass=53.3% pap=36.6%
2026-07-12 16:21:34 INFO    run_phase19 | ORB-W WF OOS skip_cushion_200 d=120 day s=99 pass=53.1% pap=36.9%
2026-07-12 16:21:35 INFO    run_phase19 | ORB-W WF OOS skip_cushion_300 d=60 block s=42 pass=50.6% pap=35.7%
2026-07-12 16:21:36 INFO    run_phase19 | ORB-W WF OOS skip_cushion_300 d=60 block s=7 pass=49.4% pap=35.2%
2026-07-12 16:21:37 INFO    run_phase19 | ORB-W WF OOS skip_cushion_300 d=60 block s=99 pass=49.4% pap=35.3%
2026-07-12 16:21:37 INFO    run_phase19 | ORB-W WF OOS skip_cushion_300 d=60 day s=42 pass=47.4% pap=32.3%
2026-07-12 16:21:38 INFO    run_phase19 | ORB-W WF OOS skip_cushion_300 d=60 day s=7 pass=47.3% pap=32.3%
2026-07-12 16:21:38 INFO    run_phase19 | ORB-W WF OOS skip_cushion_300 d=60 day s=99 pass=47.5% pap=32.9%
2026-07-12 16:21:39 INFO    run_phase19 | ORB-W WF OOS skip_cushion_300 d=90 block s=42 pass=51.2% pap=36.1%
2026-07-12 16:21:40 INFO    run_phase19 | ORB-W WF OOS skip_cushion_300 d=90 block s=7 pass=49.3% pap=35.7%
2026-07-12 16:21:41 INFO    run_phase19 | ORB-W WF OOS skip_cushion_300 d=90 block s=99 pass=50.8% pap=35.6%
2026-07-12 16:21:42 INFO    run_phase19 | ORB-W WF OOS skip_cushion_300 d=90 day s=42 pass=47.4% pap=32.4%
2026-07-12 16:21:42 INFO    run_phase19 | ORB-W WF OOS skip_cushion_300 d=90 day s=7 pass=48.1% pap=32.4%
2026-07-12 16:21:43 INFO    run_phase19 | ORB-W WF OOS skip_cushion_300 d=90 day s=99 pass=47.0% pap=33.1%
2026-07-12 16:21:44 INFO    run_phase19 | ORB-W WF OOS skip_cushion_300 d=120 block s=42 pass=51.7% pap=36.1%
2026-07-12 16:21:45 INFO    run_phase19 | ORB-W WF OOS skip_cushion_300 d=120 block s=7 pass=49.7% pap=35.7%
2026-07-12 16:21:47 INFO    run_phase19 | ORB-W WF OOS skip_cushion_300 d=120 block s=99 pass=49.8% pap=35.6%
2026-07-12 16:21:47 INFO    run_phase19 | ORB-W WF OOS skip_cushion_300 d=120 day s=42 pass=47.5% pap=32.4%
2026-07-12 16:21:48 INFO    run_phase19 | ORB-W WF OOS skip_cushion_300 d=120 day s=7 pass=47.4% pap=32.4%
2026-07-12 16:21:48 INFO    run_phase19 | ORB-W WF OOS skip_cushion_300 d=120 day s=99 pass=47.1% pap=33.1%
2026-07-12 16:21:49 INFO    run_phase19 | ORB-W WF OOS skip_cushion_400 d=60 block s=42 pass=42.2% pap=29.8%
2026-07-12 16:21:50 INFO    run_phase19 | ORB-W WF OOS skip_cushion_400 d=60 block s=7 pass=41.5% pap=29.9%
2026-07-12 16:21:51 INFO    run_phase19 | ORB-W WF OOS skip_cushion_400 d=60 block s=99 pass=41.1% pap=29.5%
2026-07-12 16:21:51 INFO    run_phase19 | ORB-W WF OOS skip_cushion_400 d=60 day s=42 pass=40.2% pap=27.5%
2026-07-12 16:21:52 INFO    run_phase19 | ORB-W WF OOS skip_cushion_400 d=60 day s=7 pass=40.8% pap=27.7%
2026-07-12 16:21:52 INFO    run_phase19 | ORB-W WF OOS skip_cushion_400 d=60 day s=99 pass=40.8% pap=28.4%
2026-07-12 16:21:53 INFO    run_phase19 | ORB-W WF OOS skip_cushion_400 d=90 block s=42 pass=42.4% pap=29.9%
2026-07-12 16:21:54 INFO    run_phase19 | ORB-W WF OOS skip_cushion_400 d=90 block s=7 pass=41.1% pap=30.0%
2026-07-12 16:21:55 INFO    run_phase19 | ORB-W WF OOS skip_cushion_400 d=90 block s=99 pass=42.2% pap=29.6%
2026-07-12 16:21:56 INFO    run_phase19 | ORB-W WF OOS skip_cushion_400 d=90 day s=42 pass=40.2% pap=27.5%
2026-07-12 16:21:57 INFO    run_phase19 | ORB-W WF OOS skip_cushion_400 d=90 day s=7 pass=41.4% pap=27.8%
2026-07-12 16:21:57 INFO    run_phase19 | ORB-W WF OOS skip_cushion_400 d=90 day s=99 pass=40.5% pap=28.4%
2026-07-12 16:21:58 INFO    run_phase19 | ORB-W WF OOS skip_cushion_400 d=120 block s=42 pass=43.0% pap=29.9%
2026-07-12 16:21:59 INFO    run_phase19 | ORB-W WF OOS skip_cushion_400 d=120 block s=7 pass=41.4% pap=30.0%
2026-07-12 16:22:01 INFO    run_phase19 | ORB-W WF OOS skip_cushion_400 d=120 block s=99 pass=40.9% pap=29.6%
2026-07-12 16:22:01 INFO    run_phase19 | ORB-W WF OOS skip_cushion_400 d=120 day s=42 pass=40.4% pap=27.5%
2026-07-12 16:22:02 INFO    run_phase19 | ORB-W WF OOS skip_cushion_400 d=120 day s=7 pass=40.5% pap=27.8%
2026-07-12 16:22:02 INFO    run_phase19 | ORB-W WF OOS skip_cushion_400 d=120 day s=99 pass=40.3% pap=28.5%
2026-07-12 16:22:03 INFO    run_phase19 | ORB-W WF OOS upshift_600_cap d=60 block s=42 pass=54.6% pap=39.0%
2026-07-12 16:22:04 INFO    run_phase19 | ORB-W WF OOS upshift_600_cap d=60 block s=7 pass=53.6% pap=37.8%
2026-07-12 16:22:05 INFO    run_phase19 | ORB-W WF OOS upshift_600_cap d=60 block s=99 pass=53.4% pap=38.4%
2026-07-12 16:22:05 INFO    run_phase19 | ORB-W WF OOS upshift_600_cap d=60 day s=42 pass=53.7% pap=37.3%
2026-07-12 16:22:06 INFO    run_phase19 | ORB-W WF OOS upshift_600_cap d=60 day s=7 pass=53.9% pap=37.0%
2026-07-12 16:22:06 INFO    run_phase19 | ORB-W WF OOS upshift_600_cap d=60 day s=99 pass=52.8% pap=37.2%
2026-07-12 16:22:07 INFO    run_phase19 | ORB-W WF OOS upshift_600_cap d=90 block s=42 pass=55.5% pap=39.5%
2026-07-12 16:22:08 INFO    run_phase19 | ORB-W WF OOS upshift_600_cap d=90 block s=7 pass=53.9% pap=38.3%
2026-07-12 16:22:09 INFO    run_phase19 | ORB-W WF OOS upshift_600_cap d=90 block s=99 pass=55.0% pap=39.1%
2026-07-12 16:22:10 INFO    run_phase19 | ORB-W WF OOS upshift_600_cap d=90 day s=42 pass=53.9% pap=37.8%
2026-07-12 16:22:10 INFO    run_phase19 | ORB-W WF OOS upshift_600_cap d=90 day s=7 pass=55.2% pap=37.3%
2026-07-12 16:22:10 INFO    run_phase19 | ORB-W WF OOS upshift_600_cap d=90 day s=99 pass=54.1% pap=37.5%
2026-07-12 16:22:12 INFO    run_phase19 | ORB-W WF OOS upshift_600_cap d=120 block s=42 pass=54.8% pap=39.5%
2026-07-12 16:22:13 INFO    run_phase19 | ORB-W WF OOS upshift_600_cap d=120 block s=7 pass=54.1% pap=38.4%
2026-07-12 16:22:14 INFO    run_phase19 | ORB-W WF OOS upshift_600_cap d=120 block s=99 pass=54.1% pap=39.2%
2026-07-12 16:22:14 INFO    run_phase19 | ORB-W WF OOS upshift_600_cap d=120 day s=42 pass=54.5% pap=38.0%
2026-07-12 16:22:15 INFO    run_phase19 | ORB-W WF OOS upshift_600_cap d=120 day s=7 pass=54.6% pap=37.5%
2026-07-12 16:22:15 INFO    run_phase19 | ORB-W WF OOS upshift_600_cap d=120 day s=99 pass=53.9% pap=37.6%
2026-07-12 16:22:16 INFO    run_phase19 | ORB-W WF OOS upshift_700_cap d=60 block s=42 pass=56.0% pap=39.9%
2026-07-12 16:22:17 INFO    run_phase19 | ORB-W WF OOS upshift_700_cap d=60 block s=7 pass=54.9% pap=38.6%
2026-07-12 16:22:18 INFO    run_phase19 | ORB-W WF OOS upshift_700_cap d=60 block s=99 pass=55.2% pap=40.0%
2026-07-12 16:22:18 INFO    run_phase19 | ORB-W WF OOS upshift_700_cap d=60 day s=42 pass=54.3% pap=37.8%
2026-07-12 16:22:19 INFO    run_phase19 | ORB-W WF OOS upshift_700_cap d=60 day s=7 pass=54.7% pap=37.5%
2026-07-12 16:22:19 INFO    run_phase19 | ORB-W WF OOS upshift_700_cap d=60 day s=99 pass=54.0% pap=37.6%
2026-07-12 16:22:20 INFO    run_phase19 | ORB-W WF OOS upshift_700_cap d=90 block s=42 pass=56.6% pap=40.5%
2026-07-12 16:22:21 INFO    run_phase19 | ORB-W WF OOS upshift_700_cap d=90 block s=7 pass=55.9% pap=39.5%
2026-07-12 16:22:22 INFO    run_phase19 | ORB-W WF OOS upshift_700_cap d=90 block s=99 pass=56.7% pap=40.6%
2026-07-12 16:22:23 INFO    run_phase19 | ORB-W WF OOS upshift_700_cap d=90 day s=42 pass=54.5% pap=38.5%
2026-07-12 16:22:23 INFO    run_phase19 | ORB-W WF OOS upshift_700_cap d=90 day s=7 pass=56.1% pap=38.0%
2026-07-12 16:22:24 INFO    run_phase19 | ORB-W WF OOS upshift_700_cap d=90 day s=99 pass=54.4% pap=38.0%
2026-07-12 16:22:25 INFO    run_phase19 | ORB-W WF OOS upshift_700_cap d=120 block s=42 pass=57.3% pap=40.6%
2026-07-12 16:22:26 INFO    run_phase19 | ORB-W WF OOS upshift_700_cap d=120 block s=7 pass=56.3% pap=39.6%
2026-07-12 16:22:27 INFO    run_phase19 | ORB-W WF OOS upshift_700_cap d=120 block s=99 pass=55.8% pap=40.7%
2026-07-12 16:22:27 INFO    run_phase19 | ORB-W WF OOS upshift_700_cap d=120 day s=42 pass=54.9% pap=38.6%
2026-07-12 16:22:28 INFO    run_phase19 | ORB-W WF OOS upshift_700_cap d=120 day s=7 pass=55.1% pap=38.1%
2026-07-12 16:22:28 INFO    run_phase19 | ORB-W WF OOS upshift_700_cap d=120 day s=99 pass=54.5% pap=38.0%
2026-07-12 16:22:29 INFO    run_phase19 | ORB-W 2026 holdout fixed_1 d=60 block s=42 pass=58.8% pap=37.5%
2026-07-12 16:22:30 INFO    run_phase19 | ORB-W 2026 holdout fixed_1 d=60 block s=7 pass=58.5% pap=37.7%
2026-07-12 16:22:31 INFO    run_phase19 | ORB-W 2026 holdout fixed_1 d=60 block s=99 pass=59.6% pap=37.9%
2026-07-12 16:22:31 INFO    run_phase19 | ORB-W 2026 holdout fixed_1 d=60 day s=42 pass=58.7% pap=37.8%
2026-07-12 16:22:31 INFO    run_phase19 | ORB-W 2026 holdout fixed_1 d=60 day s=7 pass=60.0% pap=37.5%
2026-07-12 16:22:32 INFO    run_phase19 | ORB-W 2026 holdout fixed_1 d=60 day s=99 pass=59.0% pap=37.0%
2026-07-12 16:22:33 INFO    run_phase19 | ORB-W 2026 holdout fixed_1 d=90 block s=42 pass=59.0% pap=37.5%
2026-07-12 16:22:33 INFO    run_phase19 | ORB-W 2026 holdout fixed_1 d=90 block s=7 pass=59.8% pap=37.8%
2026-07-12 16:22:34 INFO    run_phase19 | ORB-W 2026 holdout fixed_1 d=90 block s=99 pass=59.1% pap=37.9%
2026-07-12 16:22:35 INFO    run_phase19 | ORB-W 2026 holdout fixed_1 d=90 day s=42 pass=58.6% pap=37.8%
2026-07-12 16:22:35 INFO    run_phase19 | ORB-W 2026 holdout fixed_1 d=90 day s=7 pass=60.1% pap=37.5%
2026-07-12 16:22:35 INFO    run_phase19 | ORB-W 2026 holdout fixed_1 d=90 day s=99 pass=58.9% pap=37.0%
2026-07-12 16:22:36 INFO    run_phase19 | ORB-W 2026 holdout fixed_1 d=120 block s=42 pass=58.6% pap=37.5%
2026-07-12 16:22:37 INFO    run_phase19 | ORB-W 2026 holdout fixed_1 d=120 block s=7 pass=58.8% pap=37.8%
2026-07-12 16:22:38 INFO    run_phase19 | ORB-W 2026 holdout fixed_1 d=120 block s=99 pass=59.6% pap=37.9%
2026-07-12 16:22:39 INFO    run_phase19 | ORB-W 2026 holdout fixed_1 d=120 day s=42 pass=59.3% pap=37.8%
2026-07-12 16:22:39 INFO    run_phase19 | ORB-W 2026 holdout fixed_1 d=120 day s=7 pass=60.0% pap=37.5%
2026-07-12 16:22:39 INFO    run_phase19 | ORB-W 2026 holdout fixed_1 d=120 day s=99 pass=59.1% pap=37.0%
2026-07-12 16:22:40 INFO    run_phase19 | ORB-W 2026 holdout fixed_2 d=60 block s=42 pass=52.3% pap=32.4%
2026-07-12 16:22:41 INFO    run_phase19 | ORB-W 2026 holdout fixed_2 d=60 block s=7 pass=51.6% pap=33.1%
2026-07-12 16:22:41 INFO    run_phase19 | ORB-W 2026 holdout fixed_2 d=60 block s=99 pass=52.3% pap=33.1%
2026-07-12 16:22:42 INFO    run_phase19 | ORB-W 2026 holdout fixed_2 d=60 day s=42 pass=49.6% pap=31.2%
2026-07-12 16:22:42 INFO    run_phase19 | ORB-W 2026 holdout fixed_2 d=60 day s=7 pass=50.6% pap=32.4%
2026-07-12 16:22:42 INFO    run_phase19 | ORB-W 2026 holdout fixed_2 d=60 day s=99 pass=49.7% pap=31.0%
2026-07-12 16:22:43 INFO    run_phase19 | ORB-W 2026 holdout fixed_2 d=90 block s=42 pass=52.1% pap=32.4%
2026-07-12 16:22:44 INFO    run_phase19 | ORB-W 2026 holdout fixed_2 d=90 block s=7 pass=52.0% pap=33.1%
2026-07-12 16:22:44 INFO    run_phase19 | ORB-W 2026 holdout fixed_2 d=90 block s=99 pass=52.6% pap=33.1%
2026-07-12 16:22:45 INFO    run_phase19 | ORB-W 2026 holdout fixed_2 d=90 day s=42 pass=49.5% pap=31.2%
2026-07-12 16:22:45 INFO    run_phase19 | ORB-W 2026 holdout fixed_2 d=90 day s=7 pass=50.9% pap=32.4%
2026-07-12 16:22:45 INFO    run_phase19 | ORB-W 2026 holdout fixed_2 d=90 day s=99 pass=49.2% pap=31.0%
2026-07-12 16:22:46 INFO    run_phase19 | ORB-W 2026 holdout fixed_2 d=120 block s=42 pass=51.6% pap=32.4%
2026-07-12 16:22:47 INFO    run_phase19 | ORB-W 2026 holdout fixed_2 d=120 block s=7 pass=51.8% pap=33.1%
2026-07-12 16:22:48 INFO    run_phase19 | ORB-W 2026 holdout fixed_2 d=120 block s=99 pass=53.2% pap=33.1%
2026-07-12 16:22:48 INFO    run_phase19 | ORB-W 2026 holdout fixed_2 d=120 day s=42 pass=49.8% pap=31.2%
2026-07-12 16:22:48 INFO    run_phase19 | ORB-W 2026 holdout fixed_2 d=120 day s=7 pass=50.8% pap=32.4%
2026-07-12 16:22:49 INFO    run_phase19 | ORB-W 2026 holdout fixed_2 d=120 day s=99 pass=49.6% pap=31.0%
2026-07-12 16:22:49 INFO    run_phase19 | ORB-W 2026 holdout upshift_400 d=60 block s=42 pass=50.1% pap=30.8%
2026-07-12 16:22:50 INFO    run_phase19 | ORB-W 2026 holdout upshift_400 d=60 block s=7 pass=49.1% pap=31.6%
2026-07-12 16:22:51 INFO    run_phase19 | ORB-W 2026 holdout upshift_400 d=60 block s=99 pass=49.8% pap=31.4%
2026-07-12 16:22:51 INFO    run_phase19 | ORB-W 2026 holdout upshift_400 d=60 day s=42 pass=47.1% pap=29.6%
2026-07-12 16:22:51 INFO    run_phase19 | ORB-W 2026 holdout upshift_400 d=60 day s=7 pass=48.4% pap=30.7%
2026-07-12 16:22:52 INFO    run_phase19 | ORB-W 2026 holdout upshift_400 d=60 day s=99 pass=47.5% pap=29.8%
2026-07-12 16:22:52 INFO    run_phase19 | ORB-W 2026 holdout upshift_400 d=90 block s=42 pass=49.5% pap=30.8%
2026-07-12 16:22:53 INFO    run_phase19 | ORB-W 2026 holdout upshift_400 d=90 block s=7 pass=49.4% pap=31.6%
2026-07-12 16:22:54 INFO    run_phase19 | ORB-W 2026 holdout upshift_400 d=90 block s=99 pass=49.9% pap=31.4%
2026-07-12 16:22:54 INFO    run_phase19 | ORB-W 2026 holdout upshift_400 d=90 day s=42 pass=47.2% pap=29.6%
2026-07-12 16:22:54 INFO    run_phase19 | ORB-W 2026 holdout upshift_400 d=90 day s=7 pass=48.6% pap=30.7%
2026-07-12 16:22:55 INFO    run_phase19 | ORB-W 2026 holdout upshift_400 d=90 day s=99 pass=47.0% pap=29.8%
2026-07-12 16:22:55 INFO    run_phase19 | ORB-W 2026 holdout upshift_400 d=120 block s=42 pass=49.4% pap=30.8%
2026-07-12 16:22:56 INFO    run_phase19 | ORB-W 2026 holdout upshift_400 d=120 block s=7 pass=49.3% pap=31.6%
2026-07-12 16:22:57 INFO    run_phase19 | ORB-W 2026 holdout upshift_400 d=120 block s=99 pass=50.7% pap=31.4%
2026-07-12 16:22:58 INFO    run_phase19 | ORB-W 2026 holdout upshift_400 d=120 day s=42 pass=47.5% pap=29.6%
2026-07-12 16:22:58 INFO    run_phase19 | ORB-W 2026 holdout upshift_400 d=120 day s=7 pass=48.3% pap=30.7%
2026-07-12 16:22:58 INFO    run_phase19 | ORB-W 2026 holdout upshift_400 d=120 day s=99 pass=47.3% pap=29.8%
2026-07-12 16:22:59 INFO    run_phase19 | ORB-W 2026 holdout upshift_500 d=60 block s=42 pass=47.6% pap=29.2%
2026-07-12 16:22:59 INFO    run_phase19 | ORB-W 2026 holdout upshift_500 d=60 block s=7 pass=47.1% pap=30.3%
2026-07-12 16:23:00 INFO    run_phase19 | ORB-W 2026 holdout upshift_500 d=60 block s=99 pass=47.6% pap=29.9%
2026-07-12 16:23:00 INFO    run_phase19 | ORB-W 2026 holdout upshift_500 d=60 day s=42 pass=47.0% pap=29.6%
2026-07-12 16:23:01 INFO    run_phase19 | ORB-W 2026 holdout upshift_500 d=60 day s=7 pass=48.2% pap=30.6%
2026-07-12 16:23:01 INFO    run_phase19 | ORB-W 2026 holdout upshift_500 d=60 day s=99 pass=47.5% pap=29.9%
2026-07-12 16:23:02 INFO    run_phase19 | ORB-W 2026 holdout upshift_500 d=90 block s=42 pass=47.0% pap=29.2%
2026-07-12 16:23:03 INFO    run_phase19 | ORB-W 2026 holdout upshift_500 d=90 block s=7 pass=47.5% pap=30.3%
2026-07-12 16:23:03 INFO    run_phase19 | ORB-W 2026 holdout upshift_500 d=90 block s=99 pass=47.6% pap=29.9%
2026-07-12 16:23:04 INFO    run_phase19 | ORB-W 2026 holdout upshift_500 d=90 day s=42 pass=47.2% pap=29.6%
2026-07-12 16:23:04 INFO    run_phase19 | ORB-W 2026 holdout upshift_500 d=90 day s=7 pass=48.4% pap=30.6%
2026-07-12 16:23:04 INFO    run_phase19 | ORB-W 2026 holdout upshift_500 d=90 day s=99 pass=47.2% pap=29.9%
2026-07-12 16:23:05 INFO    run_phase19 | ORB-W 2026 holdout upshift_500 d=120 block s=42 pass=47.0% pap=29.2%
2026-07-12 16:23:06 INFO    run_phase19 | ORB-W 2026 holdout upshift_500 d=120 block s=7 pass=46.9% pap=30.3%
2026-07-12 16:23:07 INFO    run_phase19 | ORB-W 2026 holdout upshift_500 d=120 block s=99 pass=48.3% pap=29.9%
2026-07-12 16:23:07 INFO    run_phase19 | ORB-W 2026 holdout upshift_500 d=120 day s=42 pass=47.4% pap=29.6%
2026-07-12 16:23:07 INFO    run_phase19 | ORB-W 2026 holdout upshift_500 d=120 day s=7 pass=48.3% pap=30.6%
2026-07-12 16:23:07 INFO    run_phase19 | ORB-W 2026 holdout upshift_500 d=120 day s=99 pass=47.6% pap=29.9%
2026-07-12 16:23:08 INFO    run_phase19 | ORB-W 2026 holdout upshift_600 d=60 block s=42 pass=50.1% pap=30.8%
2026-07-12 16:23:09 INFO    run_phase19 | ORB-W 2026 holdout upshift_600 d=60 block s=7 pass=49.3% pap=31.7%
2026-07-12 16:23:10 INFO    run_phase19 | ORB-W 2026 holdout upshift_600 d=60 block s=99 pass=50.3% pap=31.4%
2026-07-12 16:23:10 INFO    run_phase19 | ORB-W 2026 holdout upshift_600 d=60 day s=42 pass=47.3% pap=30.1%
2026-07-12 16:23:10 INFO    run_phase19 | ORB-W 2026 holdout upshift_600 d=60 day s=7 pass=48.7% pap=30.9%
2026-07-12 16:23:11 INFO    run_phase19 | ORB-W 2026 holdout upshift_600 d=60 day s=99 pass=47.8% pap=30.3%
2026-07-12 16:23:11 INFO    run_phase19 | ORB-W 2026 holdout upshift_600 d=90 block s=42 pass=49.8% pap=30.8%
2026-07-12 16:23:12 INFO    run_phase19 | ORB-W 2026 holdout upshift_600 d=90 block s=7 pass=49.9% pap=31.7%
2026-07-12 16:23:13 INFO    run_phase19 | ORB-W 2026 holdout upshift_600 d=90 block s=99 pass=50.1% pap=31.4%
2026-07-12 16:23:13 INFO    run_phase19 | ORB-W 2026 holdout upshift_600 d=90 day s=42 pass=47.7% pap=30.1%
2026-07-12 16:23:13 INFO    run_phase19 | ORB-W 2026 holdout upshift_600 d=90 day s=7 pass=49.2% pap=30.9%
2026-07-12 16:23:14 INFO    run_phase19 | ORB-W 2026 holdout upshift_600 d=90 day s=99 pass=47.5% pap=30.3%
2026-07-12 16:23:15 INFO    run_phase19 | ORB-W 2026 holdout upshift_600 d=120 block s=42 pass=49.9% pap=30.8%
2026-07-12 16:23:15 INFO    run_phase19 | ORB-W 2026 holdout upshift_600 d=120 block s=7 pass=49.5% pap=31.7%
2026-07-12 16:23:16 INFO    run_phase19 | ORB-W 2026 holdout upshift_600 d=120 block s=99 pass=50.7% pap=31.4%
2026-07-12 16:23:17 INFO    run_phase19 | ORB-W 2026 holdout upshift_600 d=120 day s=42 pass=48.0% pap=30.1%
2026-07-12 16:23:17 INFO    run_phase19 | ORB-W 2026 holdout upshift_600 d=120 day s=7 pass=48.8% pap=30.9%
2026-07-12 16:23:17 INFO    run_phase19 | ORB-W 2026 holdout upshift_600 d=120 day s=99 pass=48.1% pap=30.3%
2026-07-12 16:23:18 INFO    run_phase19 | ORB-W 2026 holdout upshift_700 d=60 block s=42 pass=51.0% pap=31.4%
2026-07-12 16:23:19 INFO    run_phase19 | ORB-W 2026 holdout upshift_700 d=60 block s=7 pass=49.9% pap=32.2%
2026-07-12 16:23:19 INFO    run_phase19 | ORB-W 2026 holdout upshift_700 d=60 block s=99 pass=50.7% pap=31.9%
2026-07-12 16:23:20 INFO    run_phase19 | ORB-W 2026 holdout upshift_700 d=60 day s=42 pass=48.0% pap=30.3%
2026-07-12 16:23:20 INFO    run_phase19 | ORB-W 2026 holdout upshift_700 d=60 day s=7 pass=49.4% pap=31.1%
2026-07-12 16:23:20 INFO    run_phase19 | ORB-W 2026 holdout upshift_700 d=60 day s=99 pass=48.2% pap=30.3%
2026-07-12 16:23:21 INFO    run_phase19 | ORB-W 2026 holdout upshift_700 d=90 block s=42 pass=50.1% pap=31.4%
2026-07-12 16:23:22 INFO    run_phase19 | ORB-W 2026 holdout upshift_700 d=90 block s=7 pass=50.7% pap=32.2%
2026-07-12 16:23:23 INFO    run_phase19 | ORB-W 2026 holdout upshift_700 d=90 block s=99 pass=51.0% pap=31.9%
2026-07-12 16:23:23 INFO    run_phase19 | ORB-W 2026 holdout upshift_700 d=90 day s=42 pass=48.1% pap=30.3%
2026-07-12 16:23:23 INFO    run_phase19 | ORB-W 2026 holdout upshift_700 d=90 day s=7 pass=49.9% pap=31.1%
2026-07-12 16:23:23 INFO    run_phase19 | ORB-W 2026 holdout upshift_700 d=90 day s=99 pass=47.8% pap=30.3%
2026-07-12 16:23:24 INFO    run_phase19 | ORB-W 2026 holdout upshift_700 d=120 block s=42 pass=50.6% pap=31.4%
2026-07-12 16:23:25 INFO    run_phase19 | ORB-W 2026 holdout upshift_700 d=120 block s=7 pass=50.2% pap=32.2%
2026-07-12 16:23:26 INFO    run_phase19 | ORB-W 2026 holdout upshift_700 d=120 block s=99 pass=51.1% pap=31.9%
2026-07-12 16:23:26 INFO    run_phase19 | ORB-W 2026 holdout upshift_700 d=120 day s=42 pass=48.5% pap=30.3%
2026-07-12 16:23:27 INFO    run_phase19 | ORB-W 2026 holdout upshift_700 d=120 day s=7 pass=49.1% pap=31.1%
2026-07-12 16:23:27 INFO    run_phase19 | ORB-W 2026 holdout upshift_700 d=120 day s=99 pass=48.6% pap=30.3%
2026-07-12 16:23:28 INFO    run_phase19 | ORB-W 2026 holdout upshift_800 d=60 block s=42 pass=51.0% pap=31.4%
2026-07-12 16:23:28 INFO    run_phase19 | ORB-W 2026 holdout upshift_800 d=60 block s=7 pass=50.2% pap=32.5%
2026-07-12 16:23:29 INFO    run_phase19 | ORB-W 2026 holdout upshift_800 d=60 block s=99 pass=51.2% pap=32.0%
2026-07-12 16:23:29 INFO    run_phase19 | ORB-W 2026 holdout upshift_800 d=60 day s=42 pass=48.6% pap=30.9%
2026-07-12 16:23:30 INFO    run_phase19 | ORB-W 2026 holdout upshift_800 d=60 day s=7 pass=50.0% pap=31.5%
2026-07-12 16:23:30 INFO    run_phase19 | ORB-W 2026 holdout upshift_800 d=60 day s=99 pass=48.7% pap=30.7%
2026-07-12 16:23:31 INFO    run_phase19 | ORB-W 2026 holdout upshift_800 d=90 block s=42 pass=50.8% pap=31.4%
2026-07-12 16:23:31 INFO    run_phase19 | ORB-W 2026 holdout upshift_800 d=90 block s=7 pass=50.9% pap=32.5%
2026-07-12 16:23:32 INFO    run_phase19 | ORB-W 2026 holdout upshift_800 d=90 block s=99 pass=50.9% pap=32.0%
2026-07-12 16:23:33 INFO    run_phase19 | ORB-W 2026 holdout upshift_800 d=90 day s=42 pass=48.3% pap=30.9%
2026-07-12 16:23:33 INFO    run_phase19 | ORB-W 2026 holdout upshift_800 d=90 day s=7 pass=50.6% pap=31.5%
2026-07-12 16:23:33 INFO    run_phase19 | ORB-W 2026 holdout upshift_800 d=90 day s=99 pass=48.3% pap=30.7%
2026-07-12 16:23:34 INFO    run_phase19 | ORB-W 2026 holdout upshift_800 d=120 block s=42 pass=50.8% pap=31.4%
2026-07-12 16:23:35 INFO    run_phase19 | ORB-W 2026 holdout upshift_800 d=120 block s=7 pass=50.4% pap=32.5%
2026-07-12 16:23:36 INFO    run_phase19 | ORB-W 2026 holdout upshift_800 d=120 block s=99 pass=51.4% pap=32.0%
2026-07-12 16:23:36 INFO    run_phase19 | ORB-W 2026 holdout upshift_800 d=120 day s=42 pass=48.9% pap=30.9%
2026-07-12 16:23:36 INFO    run_phase19 | ORB-W 2026 holdout upshift_800 d=120 day s=7 pass=50.0% pap=31.5%
2026-07-12 16:23:37 INFO    run_phase19 | ORB-W 2026 holdout upshift_800 d=120 day s=99 pass=49.4% pap=30.7%
2026-07-12 16:23:37 INFO    run_phase19 | ORB-W 2026 holdout downshift_400 d=60 block s=42 pass=50.1% pap=30.8%
2026-07-12 16:23:38 INFO    run_phase19 | ORB-W 2026 holdout downshift_400 d=60 block s=7 pass=49.1% pap=31.6%
2026-07-12 16:23:39 INFO    run_phase19 | ORB-W 2026 holdout downshift_400 d=60 block s=99 pass=49.8% pap=31.4%
2026-07-12 16:23:39 INFO    run_phase19 | ORB-W 2026 holdout downshift_400 d=60 day s=42 pass=47.1% pap=29.6%
2026-07-12 16:23:39 INFO    run_phase19 | ORB-W 2026 holdout downshift_400 d=60 day s=7 pass=48.4% pap=30.7%
2026-07-12 16:23:40 INFO    run_phase19 | ORB-W 2026 holdout downshift_400 d=60 day s=99 pass=47.5% pap=29.8%
2026-07-12 16:23:40 INFO    run_phase19 | ORB-W 2026 holdout downshift_400 d=90 block s=42 pass=49.5% pap=30.8%
2026-07-12 16:23:41 INFO    run_phase19 | ORB-W 2026 holdout downshift_400 d=90 block s=7 pass=49.4% pap=31.6%
2026-07-12 16:23:42 INFO    run_phase19 | ORB-W 2026 holdout downshift_400 d=90 block s=99 pass=49.9% pap=31.4%
2026-07-12 16:23:42 INFO    run_phase19 | ORB-W 2026 holdout downshift_400 d=90 day s=42 pass=47.2% pap=29.6%
2026-07-12 16:23:43 INFO    run_phase19 | ORB-W 2026 holdout downshift_400 d=90 day s=7 pass=48.6% pap=30.7%
2026-07-12 16:23:43 INFO    run_phase19 | ORB-W 2026 holdout downshift_400 d=90 day s=99 pass=47.0% pap=29.8%
2026-07-12 16:23:44 INFO    run_phase19 | ORB-W 2026 holdout downshift_400 d=120 block s=42 pass=49.4% pap=30.8%
2026-07-12 16:23:44 INFO    run_phase19 | ORB-W 2026 holdout downshift_400 d=120 block s=7 pass=49.3% pap=31.6%
2026-07-12 16:23:45 INFO    run_phase19 | ORB-W 2026 holdout downshift_400 d=120 block s=99 pass=50.7% pap=31.4%
2026-07-12 16:23:46 INFO    run_phase19 | ORB-W 2026 holdout downshift_400 d=120 day s=42 pass=47.5% pap=29.6%
2026-07-12 16:23:46 INFO    run_phase19 | ORB-W 2026 holdout downshift_400 d=120 day s=7 pass=48.3% pap=30.7%
2026-07-12 16:23:46 INFO    run_phase19 | ORB-W 2026 holdout downshift_400 d=120 day s=99 pass=47.3% pap=29.8%
2026-07-12 16:23:47 INFO    run_phase19 | ORB-W 2026 holdout downshift_600 d=60 block s=42 pass=50.1% pap=30.8%
2026-07-12 16:23:48 INFO    run_phase19 | ORB-W 2026 holdout downshift_600 d=60 block s=7 pass=49.3% pap=31.7%
2026-07-12 16:23:48 INFO    run_phase19 | ORB-W 2026 holdout downshift_600 d=60 block s=99 pass=50.3% pap=31.4%
2026-07-12 16:23:49 INFO    run_phase19 | ORB-W 2026 holdout downshift_600 d=60 day s=42 pass=47.3% pap=30.1%
2026-07-12 16:23:49 INFO    run_phase19 | ORB-W 2026 holdout downshift_600 d=60 day s=7 pass=48.7% pap=30.9%
2026-07-12 16:23:49 INFO    run_phase19 | ORB-W 2026 holdout downshift_600 d=60 day s=99 pass=47.8% pap=30.3%
2026-07-12 16:23:50 INFO    run_phase19 | ORB-W 2026 holdout downshift_600 d=90 block s=42 pass=49.8% pap=30.8%
2026-07-12 16:23:51 INFO    run_phase19 | ORB-W 2026 holdout downshift_600 d=90 block s=7 pass=49.9% pap=31.7%
2026-07-12 16:23:52 INFO    run_phase19 | ORB-W 2026 holdout downshift_600 d=90 block s=99 pass=50.1% pap=31.4%
2026-07-12 16:23:52 INFO    run_phase19 | ORB-W 2026 holdout downshift_600 d=90 day s=42 pass=47.7% pap=30.1%
2026-07-12 16:23:52 INFO    run_phase19 | ORB-W 2026 holdout downshift_600 d=90 day s=7 pass=49.2% pap=30.9%
2026-07-12 16:23:52 INFO    run_phase19 | ORB-W 2026 holdout downshift_600 d=90 day s=99 pass=47.5% pap=30.3%
2026-07-12 16:23:53 INFO    run_phase19 | ORB-W 2026 holdout downshift_600 d=120 block s=42 pass=49.9% pap=30.8%
2026-07-12 16:23:54 INFO    run_phase19 | ORB-W 2026 holdout downshift_600 d=120 block s=7 pass=49.5% pap=31.7%
2026-07-12 16:23:55 INFO    run_phase19 | ORB-W 2026 holdout downshift_600 d=120 block s=99 pass=50.7% pap=31.4%
2026-07-12 16:23:55 INFO    run_phase19 | ORB-W 2026 holdout downshift_600 d=120 day s=42 pass=48.0% pap=30.1%
2026-07-12 16:23:56 INFO    run_phase19 | ORB-W 2026 holdout downshift_600 d=120 day s=7 pass=48.8% pap=30.9%
2026-07-12 16:23:56 INFO    run_phase19 | ORB-W 2026 holdout downshift_600 d=120 day s=99 pass=48.1% pap=30.3%
2026-07-12 16:23:57 INFO    run_phase19 | ORB-W 2026 holdout post_lock_2 d=60 block s=42 pass=54.9% pap=35.0%
2026-07-12 16:23:57 INFO    run_phase19 | ORB-W 2026 holdout post_lock_2 d=60 block s=7 pass=55.1% pap=35.2%
2026-07-12 16:23:58 INFO    run_phase19 | ORB-W 2026 holdout post_lock_2 d=60 block s=99 pass=56.0% pap=35.4%
2026-07-12 16:23:59 INFO    run_phase19 | ORB-W 2026 holdout post_lock_2 d=60 day s=42 pass=53.8% pap=34.6%
2026-07-12 16:23:59 INFO    run_phase19 | ORB-W 2026 holdout post_lock_2 d=60 day s=7 pass=54.7% pap=34.2%
2026-07-12 16:23:59 INFO    run_phase19 | ORB-W 2026 holdout post_lock_2 d=60 day s=99 pass=54.0% pap=34.2%
2026-07-12 16:24:00 INFO    run_phase19 | ORB-W 2026 holdout post_lock_2 d=90 block s=42 pass=55.2% pap=35.0%
2026-07-12 16:24:01 INFO    run_phase19 | ORB-W 2026 holdout post_lock_2 d=90 block s=7 pass=55.8% pap=35.2%
2026-07-12 16:24:02 INFO    run_phase19 | ORB-W 2026 holdout post_lock_2 d=90 block s=99 pass=55.5% pap=35.4%
2026-07-12 16:24:02 INFO    run_phase19 | ORB-W 2026 holdout post_lock_2 d=90 day s=42 pass=53.9% pap=34.6%
2026-07-12 16:24:02 INFO    run_phase19 | ORB-W 2026 holdout post_lock_2 d=90 day s=7 pass=55.1% pap=34.2%
2026-07-12 16:24:03 INFO    run_phase19 | ORB-W 2026 holdout post_lock_2 d=90 day s=99 pass=53.8% pap=34.2%
2026-07-12 16:24:04 INFO    run_phase19 | ORB-W 2026 holdout post_lock_2 d=120 block s=42 pass=54.8% pap=35.0%
2026-07-12 16:24:05 INFO    run_phase19 | ORB-W 2026 holdout post_lock_2 d=120 block s=7 pass=55.2% pap=35.2%
2026-07-12 16:24:06 INFO    run_phase19 | ORB-W 2026 holdout post_lock_2 d=120 block s=99 pass=55.6% pap=35.4%
2026-07-12 16:24:06 INFO    run_phase19 | ORB-W 2026 holdout post_lock_2 d=120 day s=42 pass=54.6% pap=34.6%
2026-07-12 16:24:06 INFO    run_phase19 | ORB-W 2026 holdout post_lock_2 d=120 day s=7 pass=54.9% pap=34.2%
2026-07-12 16:24:07 INFO    run_phase19 | ORB-W 2026 holdout post_lock_2 d=120 day s=99 pass=53.9% pap=34.2%
2026-07-12 16:24:07 INFO    run_phase19 | ORB-W 2026 holdout post_lock_3 d=60 block s=42 pass=49.4% pap=31.0%
2026-07-12 16:24:08 INFO    run_phase19 | ORB-W 2026 holdout post_lock_3 d=60 block s=7 pass=49.1% pap=31.4%
2026-07-12 16:24:09 INFO    run_phase19 | ORB-W 2026 holdout post_lock_3 d=60 block s=99 pass=50.3% pap=31.8%
2026-07-12 16:24:09 INFO    run_phase19 | ORB-W 2026 holdout post_lock_3 d=60 day s=42 pass=50.1% pap=32.2%
2026-07-12 16:24:10 INFO    run_phase19 | ORB-W 2026 holdout post_lock_3 d=60 day s=7 pass=51.3% pap=32.0%
2026-07-12 16:24:10 INFO    run_phase19 | ORB-W 2026 holdout post_lock_3 d=60 day s=99 pass=50.4% pap=32.0%
2026-07-12 16:24:11 INFO    run_phase19 | ORB-W 2026 holdout post_lock_3 d=90 block s=42 pass=49.4% pap=31.0%
2026-07-12 16:24:12 INFO    run_phase19 | ORB-W 2026 holdout post_lock_3 d=90 block s=7 pass=50.1% pap=31.4%
2026-07-12 16:24:13 INFO    run_phase19 | ORB-W 2026 holdout post_lock_3 d=90 block s=99 pass=50.1% pap=31.8%
2026-07-12 16:24:13 INFO    run_phase19 | ORB-W 2026 holdout post_lock_3 d=90 day s=42 pass=50.1% pap=32.2%
2026-07-12 16:24:13 INFO    run_phase19 | ORB-W 2026 holdout post_lock_3 d=90 day s=7 pass=51.5% pap=32.0%
2026-07-12 16:24:14 INFO    run_phase19 | ORB-W 2026 holdout post_lock_3 d=90 day s=99 pass=50.3% pap=32.0%
2026-07-12 16:24:15 INFO    run_phase19 | ORB-W 2026 holdout post_lock_3 d=120 block s=42 pass=49.2% pap=31.0%
2026-07-12 16:24:16 INFO    run_phase19 | ORB-W 2026 holdout post_lock_3 d=120 block s=7 pass=49.5% pap=31.4%
2026-07-12 16:24:16 INFO    run_phase19 | ORB-W 2026 holdout post_lock_3 d=120 block s=99 pass=50.0% pap=31.8%
2026-07-12 16:24:17 INFO    run_phase19 | ORB-W 2026 holdout post_lock_3 d=120 day s=42 pass=51.1% pap=32.2%
2026-07-12 16:24:17 INFO    run_phase19 | ORB-W 2026 holdout post_lock_3 d=120 day s=7 pass=51.2% pap=32.0%
2026-07-12 16:24:17 INFO    run_phase19 | ORB-W 2026 holdout post_lock_3 d=120 day s=99 pass=50.5% pap=32.0%
2026-07-12 16:24:18 INFO    run_phase19 | ORB-W 2026 holdout skip_cushion_200 d=60 block s=42 pass=50.8% pap=32.1%
2026-07-12 16:24:19 INFO    run_phase19 | ORB-W 2026 holdout skip_cushion_200 d=60 block s=7 pass=50.0% pap=32.8%
2026-07-12 16:24:20 INFO    run_phase19 | ORB-W 2026 holdout skip_cushion_200 d=60 block s=99 pass=51.3% pap=32.8%
2026-07-12 16:24:20 INFO    run_phase19 | ORB-W 2026 holdout skip_cushion_200 d=60 day s=42 pass=49.5% pap=31.8%
2026-07-12 16:24:21 INFO    run_phase19 | ORB-W 2026 holdout skip_cushion_200 d=60 day s=7 pass=51.1% pap=31.8%
2026-07-12 16:24:21 INFO    run_phase19 | ORB-W 2026 holdout skip_cushion_200 d=60 day s=99 pass=50.2% pap=31.6%
2026-07-12 16:24:22 INFO    run_phase19 | ORB-W 2026 holdout skip_cushion_200 d=90 block s=42 pass=50.4% pap=32.1%
2026-07-12 16:24:23 INFO    run_phase19 | ORB-W 2026 holdout skip_cushion_200 d=90 block s=7 pass=51.2% pap=32.8%
2026-07-12 16:24:24 INFO    run_phase19 | ORB-W 2026 holdout skip_cushion_200 d=90 block s=99 pass=51.2% pap=32.8%
2026-07-12 16:24:24 INFO    run_phase19 | ORB-W 2026 holdout skip_cushion_200 d=90 day s=42 pass=49.8% pap=31.8%
2026-07-12 16:24:24 INFO    run_phase19 | ORB-W 2026 holdout skip_cushion_200 d=90 day s=7 pass=51.3% pap=31.8%
2026-07-12 16:24:25 INFO    run_phase19 | ORB-W 2026 holdout skip_cushion_200 d=90 day s=99 pass=49.7% pap=31.6%
2026-07-12 16:24:26 INFO    run_phase19 | ORB-W 2026 holdout skip_cushion_200 d=120 block s=42 pass=50.4% pap=32.1%
2026-07-12 16:24:27 INFO    run_phase19 | ORB-W 2026 holdout skip_cushion_200 d=120 block s=7 pass=50.5% pap=32.8%
2026-07-12 16:24:28 INFO    run_phase19 | ORB-W 2026 holdout skip_cushion_200 d=120 block s=99 pass=51.3% pap=32.8%
2026-07-12 16:24:28 INFO    run_phase19 | ORB-W 2026 holdout skip_cushion_200 d=120 day s=42 pass=50.2% pap=31.8%
2026-07-12 16:24:29 INFO    run_phase19 | ORB-W 2026 holdout skip_cushion_200 d=120 day s=7 pass=50.7% pap=31.8%
2026-07-12 16:24:29 INFO    run_phase19 | ORB-W 2026 holdout skip_cushion_200 d=120 day s=99 pass=50.4% pap=31.6%
2026-07-12 16:24:30 INFO    run_phase19 | ORB-W 2026 holdout skip_cushion_300 d=60 block s=42 pass=46.0% pap=28.8%
2026-07-12 16:24:31 INFO    run_phase19 | ORB-W 2026 holdout skip_cushion_300 d=60 block s=7 pass=45.2% pap=29.7%
2026-07-12 16:24:31 INFO    run_phase19 | ORB-W 2026 holdout skip_cushion_300 d=60 block s=99 pass=46.6% pap=29.7%
2026-07-12 16:24:32 INFO    run_phase19 | ORB-W 2026 holdout skip_cushion_300 d=60 day s=42 pass=44.9% pap=28.8%
2026-07-12 16:24:32 INFO    run_phase19 | ORB-W 2026 holdout skip_cushion_300 d=60 day s=7 pass=45.9% pap=28.7%
2026-07-12 16:24:32 INFO    run_phase19 | ORB-W 2026 holdout skip_cushion_300 d=60 day s=99 pass=45.0% pap=28.6%
2026-07-12 16:24:33 INFO    run_phase19 | ORB-W 2026 holdout skip_cushion_300 d=90 block s=42 pass=45.3% pap=28.8%
2026-07-12 16:24:34 INFO    run_phase19 | ORB-W 2026 holdout skip_cushion_300 d=90 block s=7 pass=46.0% pap=29.7%
2026-07-12 16:24:35 INFO    run_phase19 | ORB-W 2026 holdout skip_cushion_300 d=90 block s=99 pass=46.3% pap=29.7%
2026-07-12 16:24:36 INFO    run_phase19 | ORB-W 2026 holdout skip_cushion_300 d=90 day s=42 pass=44.9% pap=28.8%
2026-07-12 16:24:36 INFO    run_phase19 | ORB-W 2026 holdout skip_cushion_300 d=90 day s=7 pass=46.3% pap=28.7%
2026-07-12 16:24:36 INFO    run_phase19 | ORB-W 2026 holdout skip_cushion_300 d=90 day s=99 pass=44.9% pap=28.6%
2026-07-12 16:24:37 INFO    run_phase19 | ORB-W 2026 holdout skip_cushion_300 d=120 block s=42 pass=45.5% pap=28.8%
2026-07-12 16:24:38 INFO    run_phase19 | ORB-W 2026 holdout skip_cushion_300 d=120 block s=7 pass=45.7% pap=29.7%
2026-07-12 16:24:39 INFO    run_phase19 | ORB-W 2026 holdout skip_cushion_300 d=120 block s=99 pass=46.4% pap=29.7%
2026-07-12 16:24:40 INFO    run_phase19 | ORB-W 2026 holdout skip_cushion_300 d=120 day s=42 pass=45.6% pap=28.8%
2026-07-12 16:24:40 INFO    run_phase19 | ORB-W 2026 holdout skip_cushion_300 d=120 day s=7 pass=45.7% pap=28.7%
2026-07-12 16:24:41 INFO    run_phase19 | ORB-W 2026 holdout skip_cushion_300 d=120 day s=99 pass=45.0% pap=28.6%
2026-07-12 16:24:42 INFO    run_phase19 | ORB-W 2026 holdout skip_cushion_400 d=60 block s=42 pass=41.8% pap=26.2%
2026-07-12 16:24:42 INFO    run_phase19 | ORB-W 2026 holdout skip_cushion_400 d=60 block s=7 pass=41.0% pap=26.8%
2026-07-12 16:24:43 INFO    run_phase19 | ORB-W 2026 holdout skip_cushion_400 d=60 block s=99 pass=42.6% pap=27.0%
2026-07-12 16:24:44 INFO    run_phase19 | ORB-W 2026 holdout skip_cushion_400 d=60 day s=42 pass=37.6% pap=24.1%
2026-07-12 16:24:44 INFO    run_phase19 | ORB-W 2026 holdout skip_cushion_400 d=60 day s=7 pass=38.7% pap=24.2%
2026-07-12 16:24:44 INFO    run_phase19 | ORB-W 2026 holdout skip_cushion_400 d=60 day s=99 pass=37.9% pap=24.3%
2026-07-12 16:24:45 INFO    run_phase19 | ORB-W 2026 holdout skip_cushion_400 d=90 block s=42 pass=41.3% pap=26.2%
2026-07-12 16:24:46 INFO    run_phase19 | ORB-W 2026 holdout skip_cushion_400 d=90 block s=7 pass=41.7% pap=26.8%
2026-07-12 16:24:47 INFO    run_phase19 | ORB-W 2026 holdout skip_cushion_400 d=90 block s=99 pass=42.1% pap=27.0%
2026-07-12 16:24:48 INFO    run_phase19 | ORB-W 2026 holdout skip_cushion_400 d=90 day s=42 pass=37.8% pap=24.1%
2026-07-12 16:24:48 INFO    run_phase19 | ORB-W 2026 holdout skip_cushion_400 d=90 day s=7 pass=39.2% pap=24.2%
2026-07-12 16:24:49 INFO    run_phase19 | ORB-W 2026 holdout skip_cushion_400 d=90 day s=99 pass=37.6% pap=24.3%
2026-07-12 16:24:50 INFO    run_phase19 | ORB-W 2026 holdout skip_cushion_400 d=120 block s=42 pass=41.3% pap=26.2%
2026-07-12 16:24:51 INFO    run_phase19 | ORB-W 2026 holdout skip_cushion_400 d=120 block s=7 pass=41.6% pap=26.8%
2026-07-12 16:24:52 INFO    run_phase19 | ORB-W 2026 holdout skip_cushion_400 d=120 block s=99 pass=42.6% pap=27.0%
2026-07-12 16:24:52 INFO    run_phase19 | ORB-W 2026 holdout skip_cushion_400 d=120 day s=42 pass=37.8% pap=24.1%
2026-07-12 16:24:53 INFO    run_phase19 | ORB-W 2026 holdout skip_cushion_400 d=120 day s=7 pass=39.0% pap=24.2%
2026-07-12 16:24:53 INFO    run_phase19 | ORB-W 2026 holdout skip_cushion_400 d=120 day s=99 pass=38.0% pap=24.3%
2026-07-12 16:24:54 INFO    run_phase19 | ORB-W 2026 holdout upshift_600_cap d=60 block s=42 pass=53.2% pap=33.1%
2026-07-12 16:24:55 INFO    run_phase19 | ORB-W 2026 holdout upshift_600_cap d=60 block s=7 pass=52.6% pap=33.7%
2026-07-12 16:24:55 INFO    run_phase19 | ORB-W 2026 holdout upshift_600_cap d=60 block s=99 pass=53.7% pap=33.8%
2026-07-12 16:24:56 INFO    run_phase19 | ORB-W 2026 holdout upshift_600_cap d=60 day s=42 pass=50.7% pap=32.4%
2026-07-12 16:24:56 INFO    run_phase19 | ORB-W 2026 holdout upshift_600_cap d=60 day s=7 pass=52.5% pap=33.3%
2026-07-12 16:24:56 INFO    run_phase19 | ORB-W 2026 holdout upshift_600_cap d=60 day s=99 pass=51.5% pap=32.4%
2026-07-12 16:24:57 INFO    run_phase19 | ORB-W 2026 holdout upshift_600_cap d=90 block s=42 pass=52.8% pap=33.1%
2026-07-12 16:24:58 INFO    run_phase19 | ORB-W 2026 holdout upshift_600_cap d=90 block s=7 pass=53.3% pap=33.7%
2026-07-12 16:24:59 INFO    run_phase19 | ORB-W 2026 holdout upshift_600_cap d=90 block s=99 pass=53.3% pap=33.8%
2026-07-12 16:24:59 INFO    run_phase19 | ORB-W 2026 holdout upshift_600_cap d=90 day s=42 pass=51.0% pap=32.4%
2026-07-12 16:24:59 INFO    run_phase19 | ORB-W 2026 holdout upshift_600_cap d=90 day s=7 pass=53.1% pap=33.3%
2026-07-12 16:25:00 INFO    run_phase19 | ORB-W 2026 holdout upshift_600_cap d=90 day s=99 pass=51.1% pap=32.4%
2026-07-12 16:25:01 INFO    run_phase19 | ORB-W 2026 holdout upshift_600_cap d=120 block s=42 pass=52.8% pap=33.1%
2026-07-12 16:25:02 INFO    run_phase19 | ORB-W 2026 holdout upshift_600_cap d=120 block s=7 pass=52.5% pap=33.7%
2026-07-12 16:25:02 INFO    run_phase19 | ORB-W 2026 holdout upshift_600_cap d=120 block s=99 pass=53.7% pap=33.8%
2026-07-12 16:25:03 INFO    run_phase19 | ORB-W 2026 holdout upshift_600_cap d=120 day s=42 pass=51.3% pap=32.4%
2026-07-12 16:25:03 INFO    run_phase19 | ORB-W 2026 holdout upshift_600_cap d=120 day s=7 pass=52.6% pap=33.3%
2026-07-12 16:25:03 INFO    run_phase19 | ORB-W 2026 holdout upshift_600_cap d=120 day s=99 pass=51.7% pap=32.4%
2026-07-12 16:25:04 INFO    run_phase19 | ORB-W 2026 holdout upshift_700_cap d=60 block s=42 pass=54.6% pap=33.7%
2026-07-12 16:25:05 INFO    run_phase19 | ORB-W 2026 holdout upshift_700_cap d=60 block s=7 pass=53.4% pap=33.9%
2026-07-12 16:25:06 INFO    run_phase19 | ORB-W 2026 holdout upshift_700_cap d=60 block s=99 pass=54.7% pap=34.4%
2026-07-12 16:25:06 INFO    run_phase19 | ORB-W 2026 holdout upshift_700_cap d=60 day s=42 pass=50.8% pap=32.5%
2026-07-12 16:25:06 INFO    run_phase19 | ORB-W 2026 holdout upshift_700_cap d=60 day s=7 pass=52.2% pap=33.2%
2026-07-12 16:25:06 INFO    run_phase19 | ORB-W 2026 holdout upshift_700_cap d=60 day s=99 pass=51.4% pap=32.4%
2026-07-12 16:25:07 INFO    run_phase19 | ORB-W 2026 holdout upshift_700_cap d=90 block s=42 pass=53.8% pap=33.7%
2026-07-12 16:25:08 INFO    run_phase19 | ORB-W 2026 holdout upshift_700_cap d=90 block s=7 pass=54.0% pap=33.9%
2026-07-12 16:25:09 INFO    run_phase19 | ORB-W 2026 holdout upshift_700_cap d=90 block s=99 pass=54.7% pap=34.4%
2026-07-12 16:25:09 INFO    run_phase19 | ORB-W 2026 holdout upshift_700_cap d=90 day s=42 pass=50.7% pap=32.5%
2026-07-12 16:25:10 INFO    run_phase19 | ORB-W 2026 holdout upshift_700_cap d=90 day s=7 pass=53.4% pap=33.2%
2026-07-12 16:25:10 INFO    run_phase19 | ORB-W 2026 holdout upshift_700_cap d=90 day s=99 pass=50.8% pap=32.4%
2026-07-12 16:25:11 INFO    run_phase19 | ORB-W 2026 holdout upshift_700_cap d=120 block s=42 pass=54.1% pap=33.7%
2026-07-12 16:25:12 INFO    run_phase19 | ORB-W 2026 holdout upshift_700_cap d=120 block s=7 pass=53.6% pap=33.9%
2026-07-12 16:25:13 INFO    run_phase19 | ORB-W 2026 holdout upshift_700_cap d=120 block s=99 pass=55.3% pap=34.4%
2026-07-12 16:25:13 INFO    run_phase19 | ORB-W 2026 holdout upshift_700_cap d=120 day s=42 pass=51.2% pap=32.5%
2026-07-12 16:25:13 INFO    run_phase19 | ORB-W 2026 holdout upshift_700_cap d=120 day s=7 pass=52.4% pap=33.2%
2026-07-12 16:25:14 INFO    run_phase19 | ORB-W 2026 holdout upshift_700_cap d=120 day s=99 pass=51.6% pap=32.4%
2026-07-12 16:25:14 INFO    run_phase19 | Best: fixed_1 WF pass=62.9% pap=43.8%
2026-07-12 16:25:14 INFO    run_phase19 | Report → data/reports/phase19_leaderboard.md
