2026-07-11 21:59:12 INFO    run_phase15 | MNQ: 9 WF folds
2026-07-11 21:59:12 INFO    run_phase15 | === Phase 15 mnq/mnq_fvg_1m (48 combos, 1m) ===
2026-07-11 21:59:16 INFO    src.backtest.engine | fvg_scalp: 522 trades, 131 ambiguous bars, 0 forced session-end exits
2026-07-11 21:59:16 INFO    src.validation.walk_forward | grid 1/48 {'min_gap_points': 25.0, 'min_stop_points': 15.0, 'target_r': 1.0, 'expire_minutes': 20, 'entry_mode': 'mid', 'vwap_filter': False, 'tick': 0.25, 'entry_start_minute': 575, 'entry_end_minute': 900} -> 522 trades, net $-2448
2026-07-11 21:59:19 INFO    src.backtest.engine | fvg_scalp: 365 trades, 90 ambiguous bars, 0 forced session-end exits
2026-07-11 21:59:19 INFO    src.validation.walk_forward | grid 2/48 {'min_gap_points': 25.0, 'min_stop_points': 15.0, 'target_r': 1.0, 'expire_minutes': 20, 'entry_mode': 'mid', 'vwap_filter': True, 'tick': 0.25, 'entry_start_minute': 575, 'entry_end_minute': 900} -> 365 trades, net $-1612
2026-07-11 21:59:23 INFO    src.backtest.engine | fvg_scalp: 593 trades, 137 ambiguous bars, 0 forced session-end exits
2026-07-11 21:59:23 INFO    src.validation.walk_forward | grid 3/48 {'min_gap_points': 25.0, 'min_stop_points': 15.0, 'target_r': 1.0, 'expire_minutes': 40, 'entry_mode': 'mid', 'vwap_filter': False, 'tick': 0.25, 'entry_start_minute': 575, 'entry_end_minute': 900} -> 593 trades, net $-2484
2026-07-11 21:59:26 INFO    src.backtest.engine | fvg_scalp: 425 trades, 98 ambiguous bars, 0 forced session-end exits
2026-07-11 21:59:26 INFO    src.validation.walk_forward | grid 4/48 {'min_gap_points': 25.0, 'min_stop_points': 15.0, 'target_r': 1.0, 'expire_minutes': 40, 'entry_mode': 'mid', 'vwap_filter': True, 'tick': 0.25, 'entry_start_minute': 575, 'entry_end_minute': 900} -> 425 trades, net $-1869
2026-07-11 21:59:30 INFO    src.backtest.engine | fvg_scalp: 521 trades, 121 ambiguous bars, 0 forced session-end exits
2026-07-11 21:59:30 INFO    src.validation.walk_forward | grid 5/48 {'min_gap_points': 25.0, 'min_stop_points': 15.0, 'target_r': 1.5, 'expire_minutes': 20, 'entry_mode': 'mid', 'vwap_filter': False, 'tick': 0.25, 'entry_start_minute': 575, 'entry_end_minute': 900} -> 521 trades, net $-2327
2026-07-11 21:59:33 INFO    src.backtest.engine | fvg_scalp: 364 trades, 84 ambiguous bars, 0 forced session-end exits
2026-07-11 21:59:33 INFO    src.validation.walk_forward | grid 6/48 {'min_gap_points': 25.0, 'min_stop_points': 15.0, 'target_r': 1.5, 'expire_minutes': 20, 'entry_mode': 'mid', 'vwap_filter': True, 'tick': 0.25, 'entry_start_minute': 575, 'entry_end_minute': 900} -> 364 trades, net $-1853
2026-07-11 21:59:37 INFO    src.backtest.engine | fvg_scalp: 592 trades, 126 ambiguous bars, 0 forced session-end exits
2026-07-11 21:59:37 INFO    src.validation.walk_forward | grid 7/48 {'min_gap_points': 25.0, 'min_stop_points': 15.0, 'target_r': 1.5, 'expire_minutes': 40, 'entry_mode': 'mid', 'vwap_filter': False, 'tick': 0.25, 'entry_start_minute': 575, 'entry_end_minute': 900} -> 592 trades, net $-2311
2026-07-11 21:59:41 INFO    src.backtest.engine | fvg_scalp: 424 trades, 91 ambiguous bars, 0 forced session-end exits
2026-07-11 21:59:41 INFO    src.validation.walk_forward | grid 8/48 {'min_gap_points': 25.0, 'min_stop_points': 15.0, 'target_r': 1.5, 'expire_minutes': 40, 'entry_mode': 'mid', 'vwap_filter': True, 'tick': 0.25, 'entry_start_minute': 575, 'entry_end_minute': 900} -> 424 trades, net $-2071
2026-07-11 21:59:44 INFO    src.backtest.engine | fvg_scalp: 522 trades, 86 ambiguous bars, 0 forced session-end exits
2026-07-11 21:59:44 INFO    src.validation.walk_forward | grid 9/48 {'min_gap_points': 25.0, 'min_stop_points': 20.0, 'target_r': 1.0, 'expire_minutes': 20, 'entry_mode': 'mid', 'vwap_filter': False, 'tick': 0.25, 'entry_start_minute': 575, 'entry_end_minute': 900} -> 522 trades, net $-1824
2026-07-11 21:59:48 INFO    src.backtest.engine | fvg_scalp: 365 trades, 62 ambiguous bars, 0 forced session-end exits
2026-07-11 21:59:48 INFO    src.validation.walk_forward | grid 10/48 {'min_gap_points': 25.0, 'min_stop_points': 20.0, 'target_r': 1.0, 'expire_minutes': 20, 'entry_mode': 'mid', 'vwap_filter': True, 'tick': 0.25, 'entry_start_minute': 575, 'entry_end_minute': 900} -> 365 trades, net $-1188
2026-07-11 21:59:51 INFO    src.backtest.engine | fvg_scalp: 593 trades, 90 ambiguous bars, 0 forced session-end exits
2026-07-11 21:59:51 INFO    src.validation.walk_forward | grid 11/48 {'min_gap_points': 25.0, 'min_stop_points': 20.0, 'target_r': 1.0, 'expire_minutes': 40, 'entry_mode': 'mid', 'vwap_filter': False, 'tick': 0.25, 'entry_start_minute': 575, 'entry_end_minute': 900} -> 593 trades, net $-1824
2026-07-11 21:59:55 INFO    src.backtest.engine | fvg_scalp: 425 trades, 67 ambiguous bars, 0 forced session-end exits
2026-07-11 21:59:55 INFO    src.validation.walk_forward | grid 12/48 {'min_gap_points': 25.0, 'min_stop_points': 20.0, 'target_r': 1.0, 'expire_minutes': 40, 'entry_mode': 'mid', 'vwap_filter': True, 'tick': 0.25, 'entry_start_minute': 575, 'entry_end_minute': 900} -> 425 trades, net $-1537
2026-07-11 21:59:59 INFO    src.backtest.engine | fvg_scalp: 521 trades, 80 ambiguous bars, 0 forced session-end exits
2026-07-11 21:59:59 INFO    src.validation.walk_forward | grid 13/48 {'min_gap_points': 25.0, 'min_stop_points': 20.0, 'target_r': 1.5, 'expire_minutes': 20, 'entry_mode': 'mid', 'vwap_filter': False, 'tick': 0.25, 'entry_start_minute': 575, 'entry_end_minute': 900} -> 521 trades, net $-2442
2026-07-11 22:00:02 INFO    src.backtest.engine | fvg_scalp: 364 trades, 57 ambiguous bars, 0 forced session-end exits
2026-07-11 22:00:02 INFO    src.validation.walk_forward | grid 14/48 {'min_gap_points': 25.0, 'min_stop_points': 20.0, 'target_r': 1.5, 'expire_minutes': 20, 'entry_mode': 'mid', 'vwap_filter': True, 'tick': 0.25, 'entry_start_minute': 575, 'entry_end_minute': 900} -> 364 trades, net $-2105
2026-07-11 22:00:06 INFO    src.backtest.engine | fvg_scalp: 592 trades, 84 ambiguous bars, 0 forced session-end exits
2026-07-11 22:00:06 INFO    src.validation.walk_forward | grid 15/48 {'min_gap_points': 25.0, 'min_stop_points': 20.0, 'target_r': 1.5, 'expire_minutes': 40, 'entry_mode': 'mid', 'vwap_filter': False, 'tick': 0.25, 'entry_start_minute': 575, 'entry_end_minute': 900} -> 592 trades, net $-2619
2026-07-11 22:00:10 INFO    src.backtest.engine | fvg_scalp: 424 trades, 62 ambiguous bars, 0 forced session-end exits
2026-07-11 22:00:10 INFO    src.validation.walk_forward | grid 16/48 {'min_gap_points': 25.0, 'min_stop_points': 20.0, 'target_r': 1.5, 'expire_minutes': 40, 'entry_mode': 'mid', 'vwap_filter': True, 'tick': 0.25, 'entry_start_minute': 575, 'entry_end_minute': 900} -> 424 trades, net $-2548
2026-07-11 22:00:13 INFO    src.backtest.engine | fvg_scalp: 147 trades, 31 ambiguous bars, 0 forced session-end exits
2026-07-11 22:00:14 INFO    src.validation.walk_forward | grid 17/48 {'min_gap_points': 35.0, 'min_stop_points': 15.0, 'target_r': 1.0, 'expire_minutes': 20, 'entry_mode': 'mid', 'vwap_filter': False, 'tick': 0.25, 'entry_start_minute': 575, 'entry_end_minute': 900} -> 147 trades, net $-790
2026-07-11 22:00:17 INFO    src.backtest.engine | fvg_scalp: 103 trades, 18 ambiguous bars, 0 forced session-end exits
2026-07-11 22:00:17 INFO    src.validation.walk_forward | grid 18/48 {'min_gap_points': 35.0, 'min_stop_points': 15.0, 'target_r': 1.0, 'expire_minutes': 20, 'entry_mode': 'mid', 'vwap_filter': True, 'tick': 0.25, 'entry_start_minute': 575, 'entry_end_minute': 900} -> 103 trades, net $-548
2026-07-11 22:00:21 INFO    src.backtest.engine | fvg_scalp: 169 trades, 32 ambiguous bars, 0 forced session-end exits
2026-07-11 22:00:21 INFO    src.validation.walk_forward | grid 19/48 {'min_gap_points': 35.0, 'min_stop_points': 15.0, 'target_r': 1.0, 'expire_minutes': 40, 'entry_mode': 'mid', 'vwap_filter': False, 'tick': 0.25, 'entry_start_minute': 575, 'entry_end_minute': 900} -> 169 trades, net $-606
2026-07-11 22:00:24 INFO    src.backtest.engine | fvg_scalp: 120 trades, 19 ambiguous bars, 0 forced session-end exits
2026-07-11 22:00:24 INFO    src.validation.walk_forward | grid 20/48 {'min_gap_points': 35.0, 'min_stop_points': 15.0, 'target_r': 1.0, 'expire_minutes': 40, 'entry_mode': 'mid', 'vwap_filter': True, 'tick': 0.25, 'entry_start_minute': 575, 'entry_end_minute': 900} -> 120 trades, net $-383
2026-07-11 22:00:28 INFO    src.backtest.engine | fvg_scalp: 147 trades, 26 ambiguous bars, 0 forced session-end exits
2026-07-11 22:00:28 INFO    src.validation.walk_forward | grid 21/48 {'min_gap_points': 35.0, 'min_stop_points': 15.0, 'target_r': 1.5, 'expire_minutes': 20, 'entry_mode': 'mid', 'vwap_filter': False, 'tick': 0.25, 'entry_start_minute': 575, 'entry_end_minute': 900} -> 147 trades, net $-989
2026-07-11 22:00:31 INFO    src.backtest.engine | fvg_scalp: 103 trades, 15 ambiguous bars, 0 forced session-end exits
2026-07-11 22:00:31 INFO    src.validation.walk_forward | grid 22/48 {'min_gap_points': 35.0, 'min_stop_points': 15.0, 'target_r': 1.5, 'expire_minutes': 20, 'entry_mode': 'mid', 'vwap_filter': True, 'tick': 0.25, 'entry_start_minute': 575, 'entry_end_minute': 900} -> 103 trades, net $-821
2026-07-11 22:00:35 INFO    src.backtest.engine | fvg_scalp: 169 trades, 27 ambiguous bars, 0 forced session-end exits
2026-07-11 22:00:35 INFO    src.validation.walk_forward | grid 23/48 {'min_gap_points': 35.0, 'min_stop_points': 15.0, 'target_r': 1.5, 'expire_minutes': 40, 'entry_mode': 'mid', 'vwap_filter': False, 'tick': 0.25, 'entry_start_minute': 575, 'entry_end_minute': 900} -> 169 trades, net $-944
2026-07-11 22:00:39 INFO    src.backtest.engine | fvg_scalp: 120 trades, 16 ambiguous bars, 0 forced session-end exits
2026-07-11 22:00:39 INFO    src.validation.walk_forward | grid 24/48 {'min_gap_points': 35.0, 'min_stop_points': 15.0, 'target_r': 1.5, 'expire_minutes': 40, 'entry_mode': 'mid', 'vwap_filter': True, 'tick': 0.25, 'entry_start_minute': 575, 'entry_end_minute': 900} -> 120 trades, net $-742
2026-07-11 22:00:43 INFO    src.backtest.engine | fvg_scalp: 147 trades, 28 ambiguous bars, 0 forced session-end exits
2026-07-11 22:00:43 INFO    src.validation.walk_forward | grid 25/48 {'min_gap_points': 35.0, 'min_stop_points': 20.0, 'target_r': 1.0, 'expire_minutes': 20, 'entry_mode': 'mid', 'vwap_filter': False, 'tick': 0.25, 'entry_start_minute': 575, 'entry_end_minute': 900} -> 147 trades, net $-662
2026-07-11 22:00:46 INFO    src.backtest.engine | fvg_scalp: 103 trades, 17 ambiguous bars, 0 forced session-end exits
2026-07-11 22:00:46 INFO    src.validation.walk_forward | grid 26/48 {'min_gap_points': 35.0, 'min_stop_points': 20.0, 'target_r': 1.0, 'expire_minutes': 20, 'entry_mode': 'mid', 'vwap_filter': True, 'tick': 0.25, 'entry_start_minute': 575, 'entry_end_minute': 900} -> 103 trades, net $-563
2026-07-11 22:00:50 INFO    src.backtest.engine | fvg_scalp: 169 trades, 29 ambiguous bars, 0 forced session-end exits
2026-07-11 22:00:50 INFO    src.validation.walk_forward | grid 27/48 {'min_gap_points': 35.0, 'min_stop_points': 20.0, 'target_r': 1.0, 'expire_minutes': 40, 'entry_mode': 'mid', 'vwap_filter': False, 'tick': 0.25, 'entry_start_minute': 575, 'entry_end_minute': 900} -> 169 trades, net $-479
2026-07-11 22:00:54 INFO    src.backtest.engine | fvg_scalp: 120 trades, 18 ambiguous bars, 0 forced session-end exits
2026-07-11 22:00:54 INFO    src.validation.walk_forward | grid 28/48 {'min_gap_points': 35.0, 'min_stop_points': 20.0, 'target_r': 1.0, 'expire_minutes': 40, 'entry_mode': 'mid', 'vwap_filter': True, 'tick': 0.25, 'entry_start_minute': 575, 'entry_end_minute': 900} -> 120 trades, net $-398
2026-07-11 22:00:57 INFO    src.backtest.engine | fvg_scalp: 147 trades, 24 ambiguous bars, 0 forced session-end exits
2026-07-11 22:00:57 INFO    src.validation.walk_forward | grid 29/48 {'min_gap_points': 35.0, 'min_stop_points': 20.0, 'target_r': 1.5, 'expire_minutes': 20, 'entry_mode': 'mid', 'vwap_filter': False, 'tick': 0.25, 'entry_start_minute': 575, 'entry_end_minute': 900} -> 147 trades, net $-814
2026-07-11 22:01:01 INFO    src.backtest.engine | fvg_scalp: 103 trades, 15 ambiguous bars, 0 forced session-end exits
2026-07-11 22:01:01 INFO    src.validation.walk_forward | grid 30/48 {'min_gap_points': 35.0, 'min_stop_points': 20.0, 'target_r': 1.5, 'expire_minutes': 20, 'entry_mode': 'mid', 'vwap_filter': True, 'tick': 0.25, 'entry_start_minute': 575, 'entry_end_minute': 900} -> 103 trades, net $-734
2026-07-11 22:01:05 INFO    src.backtest.engine | fvg_scalp: 169 trades, 25 ambiguous bars, 0 forced session-end exits
2026-07-11 22:01:05 INFO    src.validation.walk_forward | grid 31/48 {'min_gap_points': 35.0, 'min_stop_points': 20.0, 'target_r': 1.5, 'expire_minutes': 40, 'entry_mode': 'mid', 'vwap_filter': False, 'tick': 0.25, 'entry_start_minute': 575, 'entry_end_minute': 900} -> 169 trades, net $-865
2026-07-11 22:01:09 INFO    src.backtest.engine | fvg_scalp: 120 trades, 16 ambiguous bars, 0 forced session-end exits
2026-07-11 22:01:09 INFO    src.validation.walk_forward | grid 32/48 {'min_gap_points': 35.0, 'min_stop_points': 20.0, 'target_r': 1.5, 'expire_minutes': 40, 'entry_mode': 'mid', 'vwap_filter': True, 'tick': 0.25, 'entry_start_minute': 575, 'entry_end_minute': 900} -> 120 trades, net $-753
2026-07-11 22:01:12 INFO    src.backtest.engine | fvg_scalp: 50 trades, 8 ambiguous bars, 0 forced session-end exits
2026-07-11 22:01:12 INFO    src.validation.walk_forward | grid 33/48 {'min_gap_points': 50.0, 'min_stop_points': 15.0, 'target_r': 1.0, 'expire_minutes': 20, 'entry_mode': 'mid', 'vwap_filter': False, 'tick': 0.25, 'entry_start_minute': 575, 'entry_end_minute': 900} -> 50 trades, net $-211
2026-07-11 22:01:16 INFO    src.backtest.engine | fvg_scalp: 37 trades, 6 ambiguous bars, 0 forced session-end exits
2026-07-11 22:01:16 INFO    src.validation.walk_forward | grid 34/48 {'min_gap_points': 50.0, 'min_stop_points': 15.0, 'target_r': 1.0, 'expire_minutes': 20, 'entry_mode': 'mid', 'vwap_filter': True, 'tick': 0.25, 'entry_start_minute': 575, 'entry_end_minute': 900} -> 37 trades, net $-546
2026-07-11 22:01:20 INFO    src.backtest.engine | fvg_scalp: 57 trades, 8 ambiguous bars, 0 forced session-end exits
2026-07-11 22:01:20 INFO    src.validation.walk_forward | grid 35/48 {'min_gap_points': 50.0, 'min_stop_points': 15.0, 'target_r': 1.0, 'expire_minutes': 40, 'entry_mode': 'mid', 'vwap_filter': False, 'tick': 0.25, 'entry_start_minute': 575, 'entry_end_minute': 900} -> 57 trades, net $-406
2026-07-11 22:01:23 INFO    src.backtest.engine | fvg_scalp: 43 trades, 6 ambiguous bars, 0 forced session-end exits
2026-07-11 22:01:23 INFO    src.validation.walk_forward | grid 36/48 {'min_gap_points': 50.0, 'min_stop_points': 15.0, 'target_r': 1.0, 'expire_minutes': 40, 'entry_mode': 'mid', 'vwap_filter': True, 'tick': 0.25, 'entry_start_minute': 575, 'entry_end_minute': 900} -> 43 trades, net $-672
2026-07-11 22:01:27 INFO    src.backtest.engine | fvg_scalp: 50 trades, 8 ambiguous bars, 0 forced session-end exits
2026-07-11 22:01:27 INFO    src.validation.walk_forward | grid 37/48 {'min_gap_points': 50.0, 'min_stop_points': 15.0, 'target_r': 1.5, 'expire_minutes': 20, 'entry_mode': 'mid', 'vwap_filter': False, 'tick': 0.25, 'entry_start_minute': 575, 'entry_end_minute': 900} -> 50 trades, net $57
2026-07-11 22:01:31 INFO    src.backtest.engine | fvg_scalp: 37 trades, 6 ambiguous bars, 0 forced session-end exits
2026-07-11 22:01:31 INFO    src.validation.walk_forward | grid 38/48 {'min_gap_points': 50.0, 'min_stop_points': 15.0, 'target_r': 1.5, 'expire_minutes': 20, 'entry_mode': 'mid', 'vwap_filter': True, 'tick': 0.25, 'entry_start_minute': 575, 'entry_end_minute': 900} -> 37 trades, net $-446
2026-07-11 22:01:34 INFO    src.backtest.engine | fvg_scalp: 57 trades, 8 ambiguous bars, 0 forced session-end exits
2026-07-11 22:01:35 INFO    src.validation.walk_forward | grid 39/48 {'min_gap_points': 50.0, 'min_stop_points': 15.0, 'target_r': 1.5, 'expire_minutes': 40, 'entry_mode': 'mid', 'vwap_filter': False, 'tick': 0.25, 'entry_start_minute': 575, 'entry_end_minute': 900} -> 57 trades, net $-418
2026-07-11 22:01:38 INFO    src.backtest.engine | fvg_scalp: 43 trades, 6 ambiguous bars, 0 forced session-end exits
2026-07-11 22:01:38 INFO    src.validation.walk_forward | grid 40/48 {'min_gap_points': 50.0, 'min_stop_points': 15.0, 'target_r': 1.5, 'expire_minutes': 40, 'entry_mode': 'mid', 'vwap_filter': True, 'tick': 0.25, 'entry_start_minute': 575, 'entry_end_minute': 900} -> 43 trades, net $-853
2026-07-11 22:01:42 INFO    src.backtest.engine | fvg_scalp: 50 trades, 8 ambiguous bars, 0 forced session-end exits
2026-07-11 22:01:42 INFO    src.validation.walk_forward | grid 41/48 {'min_gap_points': 50.0, 'min_stop_points': 20.0, 'target_r': 1.0, 'expire_minutes': 20, 'entry_mode': 'mid', 'vwap_filter': False, 'tick': 0.25, 'entry_start_minute': 575, 'entry_end_minute': 900} -> 50 trades, net $-211
2026-07-11 22:01:46 INFO    src.backtest.engine | fvg_scalp: 37 trades, 6 ambiguous bars, 0 forced session-end exits
2026-07-11 22:01:46 INFO    src.validation.walk_forward | grid 42/48 {'min_gap_points': 50.0, 'min_stop_points': 20.0, 'target_r': 1.0, 'expire_minutes': 20, 'entry_mode': 'mid', 'vwap_filter': True, 'tick': 0.25, 'entry_start_minute': 575, 'entry_end_minute': 900} -> 37 trades, net $-546
2026-07-11 22:01:49 INFO    src.backtest.engine | fvg_scalp: 57 trades, 8 ambiguous bars, 0 forced session-end exits
2026-07-11 22:01:49 INFO    src.validation.walk_forward | grid 43/48 {'min_gap_points': 50.0, 'min_stop_points': 20.0, 'target_r': 1.0, 'expire_minutes': 40, 'entry_mode': 'mid', 'vwap_filter': False, 'tick': 0.25, 'entry_start_minute': 575, 'entry_end_minute': 900} -> 57 trades, net $-406
2026-07-11 22:01:53 INFO    src.backtest.engine | fvg_scalp: 43 trades, 6 ambiguous bars, 0 forced session-end exits
2026-07-11 22:01:53 INFO    src.validation.walk_forward | grid 44/48 {'min_gap_points': 50.0, 'min_stop_points': 20.0, 'target_r': 1.0, 'expire_minutes': 40, 'entry_mode': 'mid', 'vwap_filter': True, 'tick': 0.25, 'entry_start_minute': 575, 'entry_end_minute': 900} -> 43 trades, net $-672
2026-07-11 22:01:56 INFO    src.backtest.engine | fvg_scalp: 50 trades, 8 ambiguous bars, 0 forced session-end exits
2026-07-11 22:01:57 INFO    src.validation.walk_forward | grid 45/48 {'min_gap_points': 50.0, 'min_stop_points': 20.0, 'target_r': 1.5, 'expire_minutes': 20, 'entry_mode': 'mid', 'vwap_filter': False, 'tick': 0.25, 'entry_start_minute': 575, 'entry_end_minute': 900} -> 50 trades, net $57
2026-07-11 22:02:00 INFO    src.backtest.engine | fvg_scalp: 37 trades, 6 ambiguous bars, 0 forced session-end exits
2026-07-11 22:02:00 INFO    src.validation.walk_forward | grid 46/48 {'min_gap_points': 50.0, 'min_stop_points': 20.0, 'target_r': 1.5, 'expire_minutes': 20, 'entry_mode': 'mid', 'vwap_filter': True, 'tick': 0.25, 'entry_start_minute': 575, 'entry_end_minute': 900} -> 37 trades, net $-446
2026-07-11 22:02:04 INFO    src.backtest.engine | fvg_scalp: 57 trades, 8 ambiguous bars, 0 forced session-end exits
2026-07-11 22:02:04 INFO    src.validation.walk_forward | grid 47/48 {'min_gap_points': 50.0, 'min_stop_points': 20.0, 'target_r': 1.5, 'expire_minutes': 40, 'entry_mode': 'mid', 'vwap_filter': False, 'tick': 0.25, 'entry_start_minute': 575, 'entry_end_minute': 900} -> 57 trades, net $-418
2026-07-11 22:02:08 INFO    src.backtest.engine | fvg_scalp: 43 trades, 6 ambiguous bars, 0 forced session-end exits
2026-07-11 22:02:08 INFO    src.validation.walk_forward | grid 48/48 {'min_gap_points': 50.0, 'min_stop_points': 20.0, 'target_r': 1.5, 'expire_minutes': 40, 'entry_mode': 'mid', 'vwap_filter': True, 'tick': 0.25, 'entry_start_minute': 575, 'entry_end_minute': 900} -> 43 trades, net $-853
2026-07-11 22:02:08 INFO    run_phase15 | mnq/mnq_fvg_1m done: OOS 314 trades net $-1662 amb=21.0% fold+=33% pass=0.1%
2026-07-11 22:02:08 INFO    run_phase15 | === Phase 15 mnq/mnq_fvg_3m (32 combos, 3m) ===
2026-07-11 22:02:11 INFO    src.backtest.engine | fvg_scalp: 492 trades, 60 ambiguous bars, 0 forced session-end exits
2026-07-11 22:02:11 INFO    src.validation.walk_forward | grid 1/32 {'min_gap_points': 30.0, 'min_stop_points': 15.0, 'target_r': 1.0, 'expire_minutes': 30, 'entry_mode': 'mid', 'vwap_filter': False, 'tick': 0.25, 'entry_start_minute': 575, 'entry_end_minute': 900} -> 492 trades, net $-2922
2026-07-11 22:02:13 INFO    src.backtest.engine | fvg_scalp: 392 trades, 45 ambiguous bars, 0 forced session-end exits
2026-07-11 22:02:13 INFO    src.validation.walk_forward | grid 2/32 {'min_gap_points': 30.0, 'min_stop_points': 15.0, 'target_r': 1.0, 'expire_minutes': 30, 'entry_mode': 'mid', 'vwap_filter': True, 'tick': 0.25, 'entry_start_minute': 575, 'entry_end_minute': 900} -> 392 trades, net $-3268
2026-07-11 22:02:15 INFO    src.backtest.engine | fvg_scalp: 575 trades, 63 ambiguous bars, 0 forced session-end exits
2026-07-11 22:02:15 INFO    src.validation.walk_forward | grid 3/32 {'min_gap_points': 30.0, 'min_stop_points': 15.0, 'target_r': 1.0, 'expire_minutes': 60, 'entry_mode': 'mid', 'vwap_filter': False, 'tick': 0.25, 'entry_start_minute': 575, 'entry_end_minute': 900} -> 575 trades, net $-3009
2026-07-11 22:02:17 INFO    src.backtest.engine | fvg_scalp: 462 trades, 46 ambiguous bars, 0 forced session-end exits
2026-07-11 22:02:17 INFO    src.validation.walk_forward | grid 4/32 {'min_gap_points': 30.0, 'min_stop_points': 15.0, 'target_r': 1.0, 'expire_minutes': 60, 'entry_mode': 'mid', 'vwap_filter': True, 'tick': 0.25, 'entry_start_minute': 575, 'entry_end_minute': 900} -> 462 trades, net $-3156
2026-07-11 22:02:19 INFO    src.backtest.engine | fvg_scalp: 492 trades, 58 ambiguous bars, 1 forced session-end exits
2026-07-11 22:02:19 INFO    src.validation.walk_forward | grid 5/32 {'min_gap_points': 30.0, 'min_stop_points': 15.0, 'target_r': 1.5, 'expire_minutes': 30, 'entry_mode': 'mid', 'vwap_filter': False, 'tick': 0.25, 'entry_start_minute': 575, 'entry_end_minute': 900} -> 492 trades, net $-3561
2026-07-11 22:02:21 INFO    src.backtest.engine | fvg_scalp: 392 trades, 44 ambiguous bars, 1 forced session-end exits
2026-07-11 22:02:21 INFO    src.validation.walk_forward | grid 6/32 {'min_gap_points': 30.0, 'min_stop_points': 15.0, 'target_r': 1.5, 'expire_minutes': 30, 'entry_mode': 'mid', 'vwap_filter': True, 'tick': 0.25, 'entry_start_minute': 575, 'entry_end_minute': 900} -> 392 trades, net $-3328
2026-07-11 22:02:23 INFO    src.backtest.engine | fvg_scalp: 575 trades, 61 ambiguous bars, 1 forced session-end exits
2026-07-11 22:02:23 INFO    src.validation.walk_forward | grid 7/32 {'min_gap_points': 30.0, 'min_stop_points': 15.0, 'target_r': 1.5, 'expire_minutes': 60, 'entry_mode': 'mid', 'vwap_filter': False, 'tick': 0.25, 'entry_start_minute': 575, 'entry_end_minute': 900} -> 575 trades, net $-3363
2026-07-11 22:02:25 INFO    src.backtest.engine | fvg_scalp: 462 trades, 45 ambiguous bars, 1 forced session-end exits
2026-07-11 22:02:25 INFO    src.validation.walk_forward | grid 8/32 {'min_gap_points': 30.0, 'min_stop_points': 15.0, 'target_r': 1.5, 'expire_minutes': 60, 'entry_mode': 'mid', 'vwap_filter': True, 'tick': 0.25, 'entry_start_minute': 575, 'entry_end_minute': 900} -> 462 trades, net $-2734
2026-07-11 22:02:27 INFO    src.backtest.engine | fvg_scalp: 492 trades, 29 ambiguous bars, 0 forced session-end exits
2026-07-11 22:02:27 INFO    src.validation.walk_forward | grid 9/32 {'min_gap_points': 30.0, 'min_stop_points': 25.0, 'target_r': 1.0, 'expire_minutes': 30, 'entry_mode': 'mid', 'vwap_filter': False, 'tick': 0.25, 'entry_start_minute': 575, 'entry_end_minute': 900} -> 492 trades, net $-1937
2026-07-11 22:02:29 INFO    src.backtest.engine | fvg_scalp: 392 trades, 23 ambiguous bars, 0 forced session-end exits
2026-07-11 22:02:29 INFO    src.validation.walk_forward | grid 10/32 {'min_gap_points': 30.0, 'min_stop_points': 25.0, 'target_r': 1.0, 'expire_minutes': 30, 'entry_mode': 'mid', 'vwap_filter': True, 'tick': 0.25, 'entry_start_minute': 575, 'entry_end_minute': 900} -> 392 trades, net $-2305
2026-07-11 22:02:31 INFO    src.backtest.engine | fvg_scalp: 575 trades, 30 ambiguous bars, 0 forced session-end exits
2026-07-11 22:02:31 INFO    src.validation.walk_forward | grid 11/32 {'min_gap_points': 30.0, 'min_stop_points': 25.0, 'target_r': 1.0, 'expire_minutes': 60, 'entry_mode': 'mid', 'vwap_filter': False, 'tick': 0.25, 'entry_start_minute': 575, 'entry_end_minute': 900} -> 575 trades, net $-1910
2026-07-11 22:02:33 INFO    src.backtest.engine | fvg_scalp: 462 trades, 23 ambiguous bars, 0 forced session-end exits
2026-07-11 22:02:33 INFO    src.validation.walk_forward | grid 12/32 {'min_gap_points': 30.0, 'min_stop_points': 25.0, 'target_r': 1.0, 'expire_minutes': 60, 'entry_mode': 'mid', 'vwap_filter': True, 'tick': 0.25, 'entry_start_minute': 575, 'entry_end_minute': 900} -> 462 trades, net $-2056
2026-07-11 22:02:35 INFO    src.backtest.engine | fvg_scalp: 492 trades, 28 ambiguous bars, 1 forced session-end exits
2026-07-11 22:02:35 INFO    src.validation.walk_forward | grid 13/32 {'min_gap_points': 30.0, 'min_stop_points': 25.0, 'target_r': 1.5, 'expire_minutes': 30, 'entry_mode': 'mid', 'vwap_filter': False, 'tick': 0.25, 'entry_start_minute': 575, 'entry_end_minute': 900} -> 492 trades, net $-2473
2026-07-11 22:02:37 INFO    src.backtest.engine | fvg_scalp: 392 trades, 21 ambiguous bars, 1 forced session-end exits
2026-07-11 22:02:37 INFO    src.validation.walk_forward | grid 14/32 {'min_gap_points': 30.0, 'min_stop_points': 25.0, 'target_r': 1.5, 'expire_minutes': 30, 'entry_mode': 'mid', 'vwap_filter': True, 'tick': 0.25, 'entry_start_minute': 575, 'entry_end_minute': 900} -> 392 trades, net $-2462
2026-07-11 22:02:39 INFO    src.backtest.engine | fvg_scalp: 574 trades, 29 ambiguous bars, 1 forced session-end exits
2026-07-11 22:02:39 INFO    src.validation.walk_forward | grid 15/32 {'min_gap_points': 30.0, 'min_stop_points': 25.0, 'target_r': 1.5, 'expire_minutes': 60, 'entry_mode': 'mid', 'vwap_filter': False, 'tick': 0.25, 'entry_start_minute': 575, 'entry_end_minute': 900} -> 574 trades, net $-2686
2026-07-11 22:02:41 INFO    src.backtest.engine | fvg_scalp: 461 trades, 21 ambiguous bars, 1 forced session-end exits
2026-07-11 22:02:41 INFO    src.validation.walk_forward | grid 16/32 {'min_gap_points': 30.0, 'min_stop_points': 25.0, 'target_r': 1.5, 'expire_minutes': 60, 'entry_mode': 'mid', 'vwap_filter': True, 'tick': 0.25, 'entry_start_minute': 575, 'entry_end_minute': 900} -> 461 trades, net $-2075
2026-07-11 22:02:43 INFO    src.backtest.engine | fvg_scalp: 112 trades, 7 ambiguous bars, 0 forced session-end exits
2026-07-11 22:02:43 INFO    src.validation.walk_forward | grid 17/32 {'min_gap_points': 45.0, 'min_stop_points': 15.0, 'target_r': 1.0, 'expire_minutes': 30, 'entry_mode': 'mid', 'vwap_filter': False, 'tick': 0.25, 'entry_start_minute': 575, 'entry_end_minute': 900} -> 112 trades, net $-1250
2026-07-11 22:02:45 INFO    src.backtest.engine | fvg_scalp: 83 trades, 5 ambiguous bars, 0 forced session-end exits
2026-07-11 22:02:45 INFO    src.validation.walk_forward | grid 18/32 {'min_gap_points': 45.0, 'min_stop_points': 15.0, 'target_r': 1.0, 'expire_minutes': 30, 'entry_mode': 'mid', 'vwap_filter': True, 'tick': 0.25, 'entry_start_minute': 575, 'entry_end_minute': 900} -> 83 trades, net $-1896
2026-07-11 22:02:47 INFO    src.backtest.engine | fvg_scalp: 137 trades, 7 ambiguous bars, 0 forced session-end exits
2026-07-11 22:02:47 INFO    src.validation.walk_forward | grid 19/32 {'min_gap_points': 45.0, 'min_stop_points': 15.0, 'target_r': 1.0, 'expire_minutes': 60, 'entry_mode': 'mid', 'vwap_filter': False, 'tick': 0.25, 'entry_start_minute': 575, 'entry_end_minute': 900} -> 137 trades, net $-1539
2026-07-11 22:02:49 INFO    src.backtest.engine | fvg_scalp: 106 trades, 5 ambiguous bars, 0 forced session-end exits
2026-07-11 22:02:49 INFO    src.validation.walk_forward | grid 20/32 {'min_gap_points': 45.0, 'min_stop_points': 15.0, 'target_r': 1.0, 'expire_minutes': 60, 'entry_mode': 'mid', 'vwap_filter': True, 'tick': 0.25, 'entry_start_minute': 575, 'entry_end_minute': 900} -> 106 trades, net $-2249
2026-07-11 22:02:51 INFO    src.backtest.engine | fvg_scalp: 112 trades, 7 ambiguous bars, 0 forced session-end exits
2026-07-11 22:02:51 INFO    src.validation.walk_forward | grid 21/32 {'min_gap_points': 45.0, 'min_stop_points': 15.0, 'target_r': 1.5, 'expire_minutes': 30, 'entry_mode': 'mid', 'vwap_filter': False, 'tick': 0.25, 'entry_start_minute': 575, 'entry_end_minute': 900} -> 112 trades, net $-2054
2026-07-11 22:02:53 INFO    src.backtest.engine | fvg_scalp: 83 trades, 5 ambiguous bars, 0 forced session-end exits
2026-07-11 22:02:53 INFO    src.validation.walk_forward | grid 22/32 {'min_gap_points': 45.0, 'min_stop_points': 15.0, 'target_r': 1.5, 'expire_minutes': 30, 'entry_mode': 'mid', 'vwap_filter': True, 'tick': 0.25, 'entry_start_minute': 575, 'entry_end_minute': 900} -> 83 trades, net $-2189
2026-07-11 22:02:55 INFO    src.backtest.engine | fvg_scalp: 137 trades, 7 ambiguous bars, 0 forced session-end exits
2026-07-11 22:02:55 INFO    src.validation.walk_forward | grid 23/32 {'min_gap_points': 45.0, 'min_stop_points': 15.0, 'target_r': 1.5, 'expire_minutes': 60, 'entry_mode': 'mid', 'vwap_filter': False, 'tick': 0.25, 'entry_start_minute': 575, 'entry_end_minute': 900} -> 137 trades, net $-2047
2026-07-11 22:02:56 INFO    src.backtest.engine | fvg_scalp: 106 trades, 5 ambiguous bars, 0 forced session-end exits
2026-07-11 22:02:56 INFO    src.validation.walk_forward | grid 24/32 {'min_gap_points': 45.0, 'min_stop_points': 15.0, 'target_r': 1.5, 'expire_minutes': 60, 'entry_mode': 'mid', 'vwap_filter': True, 'tick': 0.25, 'entry_start_minute': 575, 'entry_end_minute': 900} -> 106 trades, net $-2287
2026-07-11 22:02:58 INFO    src.backtest.engine | fvg_scalp: 112 trades, 7 ambiguous bars, 0 forced session-end exits
2026-07-11 22:02:58 INFO    src.validation.walk_forward | grid 25/32 {'min_gap_points': 45.0, 'min_stop_points': 25.0, 'target_r': 1.0, 'expire_minutes': 30, 'entry_mode': 'mid', 'vwap_filter': False, 'tick': 0.25, 'entry_start_minute': 575, 'entry_end_minute': 900} -> 112 trades, net $-1248
2026-07-11 22:03:00 INFO    src.backtest.engine | fvg_scalp: 83 trades, 5 ambiguous bars, 0 forced session-end exits
2026-07-11 22:03:00 INFO    src.validation.walk_forward | grid 26/32 {'min_gap_points': 45.0, 'min_stop_points': 25.0, 'target_r': 1.0, 'expire_minutes': 30, 'entry_mode': 'mid', 'vwap_filter': True, 'tick': 0.25, 'entry_start_minute': 575, 'entry_end_minute': 900} -> 83 trades, net $-1807
2026-07-11 22:03:02 INFO    src.backtest.engine | fvg_scalp: 137 trades, 7 ambiguous bars, 0 forced session-end exits
2026-07-11 22:03:02 INFO    src.validation.walk_forward | grid 27/32 {'min_gap_points': 45.0, 'min_stop_points': 25.0, 'target_r': 1.0, 'expire_minutes': 60, 'entry_mode': 'mid', 'vwap_filter': False, 'tick': 0.25, 'entry_start_minute': 575, 'entry_end_minute': 900} -> 137 trades, net $-1549
2026-07-11 22:03:05 INFO    src.backtest.engine | fvg_scalp: 106 trades, 5 ambiguous bars, 0 forced session-end exits
2026-07-11 22:03:05 INFO    src.validation.walk_forward | grid 28/32 {'min_gap_points': 45.0, 'min_stop_points': 25.0, 'target_r': 1.0, 'expire_minutes': 60, 'entry_mode': 'mid', 'vwap_filter': True, 'tick': 0.25, 'entry_start_minute': 575, 'entry_end_minute': 900} -> 106 trades, net $-2169
2026-07-11 22:03:07 INFO    src.backtest.engine | fvg_scalp: 112 trades, 7 ambiguous bars, 0 forced session-end exits
2026-07-11 22:03:07 INFO    src.validation.walk_forward | grid 29/32 {'min_gap_points': 45.0, 'min_stop_points': 25.0, 'target_r': 1.5, 'expire_minutes': 30, 'entry_mode': 'mid', 'vwap_filter': False, 'tick': 0.25, 'entry_start_minute': 575, 'entry_end_minute': 900} -> 112 trades, net $-1932
2026-07-11 22:03:09 INFO    src.backtest.engine | fvg_scalp: 83 trades, 5 ambiguous bars, 0 forced session-end exits
2026-07-11 22:03:09 INFO    src.validation.walk_forward | grid 30/32 {'min_gap_points': 45.0, 'min_stop_points': 25.0, 'target_r': 1.5, 'expire_minutes': 30, 'entry_mode': 'mid', 'vwap_filter': True, 'tick': 0.25, 'entry_start_minute': 575, 'entry_end_minute': 900} -> 83 trades, net $-2079
2026-07-11 22:03:11 INFO    src.backtest.engine | fvg_scalp: 137 trades, 7 ambiguous bars, 0 forced session-end exits
2026-07-11 22:03:11 INFO    src.validation.walk_forward | grid 31/32 {'min_gap_points': 45.0, 'min_stop_points': 25.0, 'target_r': 1.5, 'expire_minutes': 60, 'entry_mode': 'mid', 'vwap_filter': False, 'tick': 0.25, 'entry_start_minute': 575, 'entry_end_minute': 900} -> 137 trades, net $-1933
2026-07-11 22:03:13 INFO    src.backtest.engine | fvg_scalp: 106 trades, 5 ambiguous bars, 0 forced session-end exits
2026-07-11 22:03:13 INFO    src.validation.walk_forward | grid 32/32 {'min_gap_points': 45.0, 'min_stop_points': 25.0, 'target_r': 1.5, 'expire_minutes': 60, 'entry_mode': 'mid', 'vwap_filter': True, 'tick': 0.25, 'entry_start_minute': 575, 'entry_end_minute': 900} -> 106 trades, net $-2183
2026-07-11 22:03:13 INFO    run_phase15 | mnq/mnq_fvg_3m done: OOS 432 trades net $-1652 amb=6.0% fold+=22% pass=0.4%
2026-07-11 22:03:13 INFO    run_phase15 | === Phase 15 mnq/mnq_vwap_rev (24 combos, 1m) ===
2026-07-11 22:03:17 INFO    src.backtest.engine | vwap_band_scalp: 6261 trades, 1434 ambiguous bars, 15 forced session-end exits
2026-07-11 22:03:17 INFO    src.validation.walk_forward | grid 1/24 {'mode': 'reversion', 'band_k': 1.25, 'stop_atr': 0.75, 'target_r': 1.0, 'expire_minutes': 15, 'min_stop_points': 15.0, 'atr_n': 14, 'entry_start_minute': 585, 'entry_end_minute': 900} -> 6261 trades, net $-16311
2026-07-11 22:03:20 INFO    src.backtest.engine | vwap_band_scalp: 6309 trades, 1476 ambiguous bars, 15 forced session-end exits
2026-07-11 22:03:21 INFO    src.validation.walk_forward | grid 2/24 {'mode': 'reversion', 'band_k': 1.25, 'stop_atr': 0.75, 'target_r': 1.0, 'expire_minutes': 30, 'min_stop_points': 15.0, 'atr_n': 14, 'entry_start_minute': 585, 'entry_end_minute': 900} -> 6309 trades, net $-16457
2026-07-11 22:03:24 INFO    src.backtest.engine | vwap_band_scalp: 6018 trades, 1567 ambiguous bars, 15 forced session-end exits
2026-07-11 22:03:24 INFO    src.validation.walk_forward | grid 3/24 {'mode': 'reversion', 'band_k': 1.25, 'stop_atr': 0.75, 'target_r': 1.5, 'expire_minutes': 15, 'min_stop_points': 15.0, 'atr_n': 14, 'entry_start_minute': 585, 'entry_end_minute': 900} -> 6018 trades, net $-14254
2026-07-11 22:03:28 INFO    src.backtest.engine | vwap_band_scalp: 6094 trades, 1630 ambiguous bars, 15 forced session-end exits
2026-07-11 22:03:28 INFO    src.validation.walk_forward | grid 4/24 {'mode': 'reversion', 'band_k': 1.25, 'stop_atr': 0.75, 'target_r': 1.5, 'expire_minutes': 30, 'min_stop_points': 15.0, 'atr_n': 14, 'entry_start_minute': 585, 'entry_end_minute': 900} -> 6094 trades, net $-14665
2026-07-11 22:03:32 INFO    src.backtest.engine | vwap_band_scalp: 6243 trades, 1235 ambiguous bars, 15 forced session-end exits
2026-07-11 22:03:32 INFO    src.validation.walk_forward | grid 5/24 {'mode': 'reversion', 'band_k': 1.25, 'stop_atr': 1.0, 'target_r': 1.0, 'expire_minutes': 15, 'min_stop_points': 15.0, 'atr_n': 14, 'entry_start_minute': 585, 'entry_end_minute': 900} -> 6243 trades, net $-15637
2026-07-11 22:03:35 INFO    src.backtest.engine | vwap_band_scalp: 6291 trades, 1277 ambiguous bars, 15 forced session-end exits
2026-07-11 22:03:35 INFO    src.validation.walk_forward | grid 6/24 {'mode': 'reversion', 'band_k': 1.25, 'stop_atr': 1.0, 'target_r': 1.0, 'expire_minutes': 30, 'min_stop_points': 15.0, 'atr_n': 14, 'entry_start_minute': 585, 'entry_end_minute': 900} -> 6291 trades, net $-15648
2026-07-11 22:03:39 INFO    src.backtest.engine | vwap_band_scalp: 5988 trades, 1399 ambiguous bars, 15 forced session-end exits
2026-07-11 22:03:39 INFO    src.validation.walk_forward | grid 7/24 {'mode': 'reversion', 'band_k': 1.25, 'stop_atr': 1.0, 'target_r': 1.5, 'expire_minutes': 15, 'min_stop_points': 15.0, 'atr_n': 14, 'entry_start_minute': 585, 'entry_end_minute': 900} -> 5988 trades, net $-14115
2026-07-11 22:03:43 INFO    src.backtest.engine | vwap_band_scalp: 6065 trades, 1461 ambiguous bars, 15 forced session-end exits
2026-07-11 22:03:43 INFO    src.validation.walk_forward | grid 8/24 {'mode': 'reversion', 'band_k': 1.25, 'stop_atr': 1.0, 'target_r': 1.5, 'expire_minutes': 30, 'min_stop_points': 15.0, 'atr_n': 14, 'entry_start_minute': 585, 'entry_end_minute': 900} -> 6065 trades, net $-14466
2026-07-11 22:03:46 INFO    src.backtest.engine | vwap_band_scalp: 6465 trades, 1437 ambiguous bars, 20 forced session-end exits
2026-07-11 22:03:46 INFO    src.validation.walk_forward | grid 9/24 {'mode': 'reversion', 'band_k': 1.75, 'stop_atr': 0.75, 'target_r': 1.0, 'expire_minutes': 15, 'min_stop_points': 15.0, 'atr_n': 14, 'entry_start_minute': 585, 'entry_end_minute': 900} -> 6465 trades, net $-15429
2026-07-11 22:03:50 INFO    src.backtest.engine | vwap_band_scalp: 6546 trades, 1501 ambiguous bars, 20 forced session-end exits
2026-07-11 22:03:50 INFO    src.validation.walk_forward | grid 10/24 {'mode': 'reversion', 'band_k': 1.75, 'stop_atr': 0.75, 'target_r': 1.0, 'expire_minutes': 30, 'min_stop_points': 15.0, 'atr_n': 14, 'entry_start_minute': 585, 'entry_end_minute': 900} -> 6546 trades, net $-15740
2026-07-11 22:03:54 INFO    src.backtest.engine | vwap_band_scalp: 6253 trades, 1567 ambiguous bars, 20 forced session-end exits
2026-07-11 22:03:54 INFO    src.validation.walk_forward | grid 11/24 {'mode': 'reversion', 'band_k': 1.75, 'stop_atr': 0.75, 'target_r': 1.5, 'expire_minutes': 15, 'min_stop_points': 15.0, 'atr_n': 14, 'entry_start_minute': 585, 'entry_end_minute': 900} -> 6253 trades, net $-14442
2026-07-11 22:03:57 INFO    src.backtest.engine | vwap_band_scalp: 6338 trades, 1636 ambiguous bars, 20 forced session-end exits
2026-07-11 22:03:58 INFO    src.validation.walk_forward | grid 12/24 {'mode': 'reversion', 'band_k': 1.75, 'stop_atr': 0.75, 'target_r': 1.5, 'expire_minutes': 30, 'min_stop_points': 15.0, 'atr_n': 14, 'entry_start_minute': 585, 'entry_end_minute': 900} -> 6338 trades, net $-15010
2026-07-11 22:04:01 INFO    src.backtest.engine | vwap_band_scalp: 6456 trades, 1261 ambiguous bars, 20 forced session-end exits
2026-07-11 22:04:01 INFO    src.validation.walk_forward | grid 13/24 {'mode': 'reversion', 'band_k': 1.75, 'stop_atr': 1.0, 'target_r': 1.0, 'expire_minutes': 15, 'min_stop_points': 15.0, 'atr_n': 14, 'entry_start_minute': 585, 'entry_end_minute': 900} -> 6456 trades, net $-16038
2026-07-11 22:04:05 INFO    src.backtest.engine | vwap_band_scalp: 6539 trades, 1332 ambiguous bars, 20 forced session-end exits
2026-07-11 22:04:05 INFO    src.validation.walk_forward | grid 14/24 {'mode': 'reversion', 'band_k': 1.75, 'stop_atr': 1.0, 'target_r': 1.0, 'expire_minutes': 30, 'min_stop_points': 15.0, 'atr_n': 14, 'entry_start_minute': 585, 'entry_end_minute': 900} -> 6539 trades, net $-16375
2026-07-11 22:04:09 INFO    src.backtest.engine | vwap_band_scalp: 6226 trades, 1406 ambiguous bars, 20 forced session-end exits
2026-07-11 22:04:09 INFO    src.validation.walk_forward | grid 15/24 {'mode': 'reversion', 'band_k': 1.75, 'stop_atr': 1.0, 'target_r': 1.5, 'expire_minutes': 15, 'min_stop_points': 15.0, 'atr_n': 14, 'entry_start_minute': 585, 'entry_end_minute': 900} -> 6226 trades, net $-14389
2026-07-11 22:04:13 INFO    src.backtest.engine | vwap_band_scalp: 6315 trades, 1480 ambiguous bars, 20 forced session-end exits
2026-07-11 22:04:13 INFO    src.validation.walk_forward | grid 16/24 {'mode': 'reversion', 'band_k': 1.75, 'stop_atr': 1.0, 'target_r': 1.5, 'expire_minutes': 30, 'min_stop_points': 15.0, 'atr_n': 14, 'entry_start_minute': 585, 'entry_end_minute': 900} -> 6315 trades, net $-14937
2026-07-11 22:04:16 INFO    src.backtest.engine | vwap_band_scalp: 6676 trades, 1444 ambiguous bars, 17 forced session-end exits
2026-07-11 22:04:16 INFO    src.validation.walk_forward | grid 17/24 {'mode': 'reversion', 'band_k': 2.25, 'stop_atr': 0.75, 'target_r': 1.0, 'expire_minutes': 15, 'min_stop_points': 15.0, 'atr_n': 14, 'entry_start_minute': 585, 'entry_end_minute': 900} -> 6676 trades, net $-21810
2026-07-11 22:04:20 INFO    src.backtest.engine | vwap_band_scalp: 6755 trades, 1525 ambiguous bars, 17 forced session-end exits
2026-07-11 22:04:20 INFO    src.validation.walk_forward | grid 18/24 {'mode': 'reversion', 'band_k': 2.25, 'stop_atr': 0.75, 'target_r': 1.0, 'expire_minutes': 30, 'min_stop_points': 15.0, 'atr_n': 14, 'entry_start_minute': 585, 'entry_end_minute': 900} -> 6755 trades, net $-22141
2026-07-11 22:04:24 INFO    src.backtest.engine | vwap_band_scalp: 6465 trades, 1608 ambiguous bars, 19 forced session-end exits
2026-07-11 22:04:24 INFO    src.validation.walk_forward | grid 19/24 {'mode': 'reversion', 'band_k': 2.25, 'stop_atr': 0.75, 'target_r': 1.5, 'expire_minutes': 15, 'min_stop_points': 15.0, 'atr_n': 14, 'entry_start_minute': 585, 'entry_end_minute': 900} -> 6465 trades, net $-18912
2026-07-11 22:04:28 INFO    src.backtest.engine | vwap_band_scalp: 6551 trades, 1687 ambiguous bars, 19 forced session-end exits
2026-07-11 22:04:28 INFO    src.validation.walk_forward | grid 20/24 {'mode': 'reversion', 'band_k': 2.25, 'stop_atr': 0.75, 'target_r': 1.5, 'expire_minutes': 30, 'min_stop_points': 15.0, 'atr_n': 14, 'entry_start_minute': 585, 'entry_end_minute': 900} -> 6551 trades, net $-19415
2026-07-11 22:04:31 INFO    src.backtest.engine | vwap_band_scalp: 6665 trades, 1273 ambiguous bars, 17 forced session-end exits
2026-07-11 22:04:32 INFO    src.validation.walk_forward | grid 21/24 {'mode': 'reversion', 'band_k': 2.25, 'stop_atr': 1.0, 'target_r': 1.0, 'expire_minutes': 15, 'min_stop_points': 15.0, 'atr_n': 14, 'entry_start_minute': 585, 'entry_end_minute': 900} -> 6665 trades, net $-19414
2026-07-11 22:04:35 INFO    src.backtest.engine | vwap_band_scalp: 6743 trades, 1351 ambiguous bars, 17 forced session-end exits
2026-07-11 22:04:35 INFO    src.validation.walk_forward | grid 22/24 {'mode': 'reversion', 'band_k': 2.25, 'stop_atr': 1.0, 'target_r': 1.0, 'expire_minutes': 30, 'min_stop_points': 15.0, 'atr_n': 14, 'entry_start_minute': 585, 'entry_end_minute': 900} -> 6743 trades, net $-19618
2026-07-11 22:04:39 INFO    src.backtest.engine | vwap_band_scalp: 6436 trades, 1458 ambiguous bars, 19 forced session-end exits
2026-07-11 22:04:39 INFO    src.validation.walk_forward | grid 23/24 {'mode': 'reversion', 'band_k': 2.25, 'stop_atr': 1.0, 'target_r': 1.5, 'expire_minutes': 15, 'min_stop_points': 15.0, 'atr_n': 14, 'entry_start_minute': 585, 'entry_end_minute': 900} -> 6436 trades, net $-15941
2026-07-11 22:04:43 INFO    src.backtest.engine | vwap_band_scalp: 6523 trades, 1533 ambiguous bars, 19 forced session-end exits
2026-07-11 22:04:43 INFO    src.validation.walk_forward | grid 24/24 {'mode': 'reversion', 'band_k': 2.25, 'stop_atr': 1.0, 'target_r': 1.5, 'expire_minutes': 30, 'min_stop_points': 15.0, 'atr_n': 14, 'entry_start_minute': 585, 'entry_end_minute': 900} -> 6523 trades, net $-16342
2026-07-11 22:04:44 INFO    run_phase15 | mnq/mnq_vwap_rev done: OOS 4530 trades net $-10653 amb=24.5% fold+=0% pass=0.7%
2026-07-11 22:04:44 INFO    run_phase15 | === Phase 15 mnq/mnq_vwap_pb (12 combos, 1m) ===
2026-07-11 22:04:47 INFO    src.backtest.engine | vwap_band_scalp: 5362 trades, 876 ambiguous bars, 11 forced session-end exits
2026-07-11 22:04:47 INFO    src.validation.walk_forward | grid 1/12 {'mode': 'pullback', 'band_k': 1.0, 'stop_atr': 0.75, 'target_r': 1.0, 'expire_minutes': 15, 'min_stop_points': 15.0, 'atr_n': 14, 'entry_start_minute': 585, 'entry_end_minute': 900} -> 5362 trades, net $-16971
2026-07-11 22:04:51 INFO    src.backtest.engine | vwap_band_scalp: 5448 trades, 925 ambiguous bars, 12 forced session-end exits
2026-07-11 22:04:51 INFO    src.validation.walk_forward | grid 2/12 {'mode': 'pullback', 'band_k': 1.0, 'stop_atr': 0.75, 'target_r': 1.0, 'expire_minutes': 30, 'min_stop_points': 15.0, 'atr_n': 14, 'entry_start_minute': 585, 'entry_end_minute': 900} -> 5448 trades, net $-17194
2026-07-11 22:04:55 INFO    src.backtest.engine | vwap_band_scalp: 5108 trades, 919 ambiguous bars, 15 forced session-end exits
2026-07-11 22:04:55 INFO    src.validation.walk_forward | grid 3/12 {'mode': 'pullback', 'band_k': 1.0, 'stop_atr': 0.75, 'target_r': 1.5, 'expire_minutes': 15, 'min_stop_points': 15.0, 'atr_n': 14, 'entry_start_minute': 585, 'entry_end_minute': 900} -> 5108 trades, net $-17662
2026-07-11 22:04:59 INFO    src.backtest.engine | vwap_band_scalp: 5197 trades, 983 ambiguous bars, 16 forced session-end exits
2026-07-11 22:04:59 INFO    src.validation.walk_forward | grid 4/12 {'mode': 'pullback', 'band_k': 1.0, 'stop_atr': 0.75, 'target_r': 1.5, 'expire_minutes': 30, 'min_stop_points': 15.0, 'atr_n': 14, 'entry_start_minute': 585, 'entry_end_minute': 900} -> 5197 trades, net $-17620
2026-07-11 22:05:02 INFO    src.backtest.engine | vwap_band_scalp: 5323 trades, 788 ambiguous bars, 11 forced session-end exits
2026-07-11 22:05:03 INFO    src.validation.walk_forward | grid 5/12 {'mode': 'pullback', 'band_k': 1.0, 'stop_atr': 1.0, 'target_r': 1.0, 'expire_minutes': 15, 'min_stop_points': 15.0, 'atr_n': 14, 'entry_start_minute': 585, 'entry_end_minute': 900} -> 5323 trades, net $-15690
2026-07-11 22:05:06 INFO    src.backtest.engine | vwap_band_scalp: 5409 trades, 840 ambiguous bars, 12 forced session-end exits
2026-07-11 22:05:06 INFO    src.validation.walk_forward | grid 6/12 {'mode': 'pullback', 'band_k': 1.0, 'stop_atr': 1.0, 'target_r': 1.0, 'expire_minutes': 30, 'min_stop_points': 15.0, 'atr_n': 14, 'entry_start_minute': 585, 'entry_end_minute': 900} -> 5409 trades, net $-15992
2026-07-11 22:05:10 INFO    src.backtest.engine | vwap_band_scalp: 5033 trades, 840 ambiguous bars, 15 forced session-end exits
2026-07-11 22:05:10 INFO    src.validation.walk_forward | grid 7/12 {'mode': 'pullback', 'band_k': 1.0, 'stop_atr': 1.0, 'target_r': 1.5, 'expire_minutes': 15, 'min_stop_points': 15.0, 'atr_n': 14, 'entry_start_minute': 585, 'entry_end_minute': 900} -> 5033 trades, net $-17558
2026-07-11 22:05:14 INFO    src.backtest.engine | vwap_band_scalp: 5124 trades, 900 ambiguous bars, 16 forced session-end exits
2026-07-11 22:05:14 INFO    src.validation.walk_forward | grid 8/12 {'mode': 'pullback', 'band_k': 1.0, 'stop_atr': 1.0, 'target_r': 1.5, 'expire_minutes': 30, 'min_stop_points': 15.0, 'atr_n': 14, 'entry_start_minute': 585, 'entry_end_minute': 900} -> 5124 trades, net $-18068
2026-07-11 22:05:17 INFO    src.backtest.engine | vwap_band_scalp: 5195 trades, 719 ambiguous bars, 11 forced session-end exits
2026-07-11 22:05:17 INFO    src.validation.walk_forward | grid 9/12 {'mode': 'pullback', 'band_k': 1.0, 'stop_atr': 1.25, 'target_r': 1.0, 'expire_minutes': 15, 'min_stop_points': 15.0, 'atr_n': 14, 'entry_start_minute': 585, 'entry_end_minute': 900} -> 5195 trades, net $-18185
2026-07-11 22:05:21 INFO    src.backtest.engine | vwap_band_scalp: 5282 trades, 765 ambiguous bars, 12 forced session-end exits
2026-07-11 22:05:21 INFO    src.validation.walk_forward | grid 10/12 {'mode': 'pullback', 'band_k': 1.0, 'stop_atr': 1.25, 'target_r': 1.0, 'expire_minutes': 30, 'min_stop_points': 15.0, 'atr_n': 14, 'entry_start_minute': 585, 'entry_end_minute': 900} -> 5282 trades, net $-18424
2026-07-11 22:05:24 INFO    src.backtest.engine | vwap_band_scalp: 4878 trades, 783 ambiguous bars, 15 forced session-end exits
2026-07-11 22:05:24 INFO    src.validation.walk_forward | grid 11/12 {'mode': 'pullback', 'band_k': 1.0, 'stop_atr': 1.25, 'target_r': 1.5, 'expire_minutes': 15, 'min_stop_points': 15.0, 'atr_n': 14, 'entry_start_minute': 585, 'entry_end_minute': 900} -> 4878 trades, net $-20201
2026-07-11 22:05:28 INFO    src.backtest.engine | vwap_band_scalp: 4969 trades, 840 ambiguous bars, 16 forced session-end exits
2026-07-11 22:05:28 INFO    src.validation.walk_forward | grid 12/12 {'mode': 'pullback', 'band_k': 1.0, 'stop_atr': 1.25, 'target_r': 1.5, 'expire_minutes': 30, 'min_stop_points': 15.0, 'atr_n': 14, 'entry_start_minute': 585, 'entry_end_minute': 900} -> 4969 trades, net $-21097
2026-07-11 22:05:29 INFO    run_phase15 | mnq/mnq_vwap_pb done: OOS 3774 trades net $-15762 amb=17.0% fold+=0% pass=0.0%
2026-07-11 22:05:29 INFO    run_phase15 | === Phase 15 mnq/mnq_vol_spike (48 combos, 1m) ===
2026-07-11 22:05:32 INFO    src.backtest.engine | volume_spike_scalp: 13245 trades, 1489 ambiguous bars, 22 forced session-end exits
2026-07-11 22:05:32 INFO    src.validation.walk_forward | grid 1/48 {'z_threshold': 2.0, 'vol_lookback': 20, 'range_mult': 1.0, 'target_r': 1.0, 'expire_minutes': 10, 'min_stop_points': 15.0, 'tick': 0.25, 'entry_start_minute': 575, 'entry_end_minute': 900} -> 13245 trades, net $-39914
2026-07-11 22:05:36 INFO    src.backtest.engine | volume_spike_scalp: 13265 trades, 1558 ambiguous bars, 21 forced session-end exits
2026-07-11 22:05:36 INFO    src.validation.walk_forward | grid 2/48 {'z_threshold': 2.0, 'vol_lookback': 20, 'range_mult': 1.0, 'target_r': 1.0, 'expire_minutes': 20, 'min_stop_points': 15.0, 'tick': 0.25, 'entry_start_minute': 575, 'entry_end_minute': 900} -> 13265 trades, net $-39990
2026-07-11 22:05:39 INFO    src.backtest.engine | volume_spike_scalp: 12951 trades, 1461 ambiguous bars, 29 forced session-end exits
2026-07-11 22:05:39 INFO    src.validation.walk_forward | grid 3/48 {'z_threshold': 2.0, 'vol_lookback': 20, 'range_mult': 1.0, 'target_r': 1.5, 'expire_minutes': 10, 'min_stop_points': 15.0, 'tick': 0.25, 'entry_start_minute': 575, 'entry_end_minute': 900} -> 12951 trades, net $-41893
2026-07-11 22:05:44 INFO    src.backtest.engine | volume_spike_scalp: 12999 trades, 1580 ambiguous bars, 30 forced session-end exits
2026-07-11 22:05:44 INFO    src.validation.walk_forward | grid 4/48 {'z_threshold': 2.0, 'vol_lookback': 20, 'range_mult': 1.0, 'target_r': 1.5, 'expire_minutes': 20, 'min_stop_points': 15.0, 'tick': 0.25, 'entry_start_minute': 575, 'entry_end_minute': 900} -> 12999 trades, net $-42529
2026-07-11 22:05:47 INFO    src.backtest.engine | volume_spike_scalp: 12321 trades, 928 ambiguous bars, 26 forced session-end exits
2026-07-11 22:05:47 INFO    src.validation.walk_forward | grid 5/48 {'z_threshold': 2.0, 'vol_lookback': 20, 'range_mult': 1.5, 'target_r': 1.0, 'expire_minutes': 10, 'min_stop_points': 15.0, 'tick': 0.25, 'entry_start_minute': 575, 'entry_end_minute': 900} -> 12321 trades, net $-30086
2026-07-11 22:05:51 INFO    src.backtest.engine | volume_spike_scalp: 12369 trades, 993 ambiguous bars, 26 forced session-end exits
2026-07-11 22:05:51 INFO    src.validation.walk_forward | grid 6/48 {'z_threshold': 2.0, 'vol_lookback': 20, 'range_mult': 1.5, 'target_r': 1.0, 'expire_minutes': 20, 'min_stop_points': 15.0, 'tick': 0.25, 'entry_start_minute': 575, 'entry_end_minute': 900} -> 12369 trades, net $-29730
2026-07-11 22:05:55 INFO    src.backtest.engine | volume_spike_scalp: 11845 trades, 918 ambiguous bars, 33 forced session-end exits
2026-07-11 22:05:55 INFO    src.validation.walk_forward | grid 7/48 {'z_threshold': 2.0, 'vol_lookback': 20, 'range_mult': 1.5, 'target_r': 1.5, 'expire_minutes': 10, 'min_stop_points': 15.0, 'tick': 0.25, 'entry_start_minute': 575, 'entry_end_minute': 900} -> 11845 trades, net $-31366
2026-07-11 22:05:59 INFO    src.backtest.engine | volume_spike_scalp: 11973 trades, 1029 ambiguous bars, 35 forced session-end exits
2026-07-11 22:05:59 INFO    src.validation.walk_forward | grid 8/48 {'z_threshold': 2.0, 'vol_lookback': 20, 'range_mult': 1.5, 'target_r': 1.5, 'expire_minutes': 20, 'min_stop_points': 15.0, 'tick': 0.25, 'entry_start_minute': 575, 'entry_end_minute': 900} -> 11973 trades, net $-31694
2026-07-11 22:06:06 INFO    src.backtest.engine | volume_spike_scalp: 12947 trades, 1505 ambiguous bars, 27 forced session-end exits
2026-07-11 22:06:06 INFO    src.validation.walk_forward | grid 9/48 {'z_threshold': 2.0, 'vol_lookback': 40, 'range_mult': 1.0, 'target_r': 1.0, 'expire_minutes': 10, 'min_stop_points': 15.0, 'tick': 0.25, 'entry_start_minute': 575, 'entry_end_minute': 900} -> 12947 trades, net $-32042
2026-07-11 22:06:11 INFO    src.backtest.engine | volume_spike_scalp: 12991 trades, 1573 ambiguous bars, 27 forced session-end exits
2026-07-11 22:06:11 INFO    src.validation.walk_forward | grid 10/48 {'z_threshold': 2.0, 'vol_lookback': 40, 'range_mult': 1.0, 'target_r': 1.0, 'expire_minutes': 20, 'min_stop_points': 15.0, 'tick': 0.25, 'entry_start_minute': 575, 'entry_end_minute': 900} -> 12991 trades, net $-32385
2026-07-11 22:06:17 INFO    src.backtest.engine | volume_spike_scalp: 12577 trades, 1461 ambiguous bars, 31 forced session-end exits
2026-07-11 22:06:17 INFO    src.validation.walk_forward | grid 11/48 {'z_threshold': 2.0, 'vol_lookback': 40, 'range_mult': 1.0, 'target_r': 1.5, 'expire_minutes': 10, 'min_stop_points': 15.0, 'tick': 0.25, 'entry_start_minute': 575, 'entry_end_minute': 900} -> 12577 trades, net $-35450
2026-07-11 22:06:22 INFO    src.backtest.engine | volume_spike_scalp: 12686 trades, 1575 ambiguous bars, 31 forced session-end exits
2026-07-11 22:06:22 INFO    src.validation.walk_forward | grid 12/48 {'z_threshold': 2.0, 'vol_lookback': 40, 'range_mult': 1.0, 'target_r': 1.5, 'expire_minutes': 20, 'min_stop_points': 15.0, 'tick': 0.25, 'entry_start_minute': 575, 'entry_end_minute': 900} -> 12686 trades, net $-35410
2026-07-11 22:06:28 INFO    src.backtest.engine | volume_spike_scalp: 11999 trades, 1089 ambiguous bars, 27 forced session-end exits
2026-07-11 22:06:29 INFO    src.validation.walk_forward | grid 13/48 {'z_threshold': 2.0, 'vol_lookback': 40, 'range_mult': 1.5, 'target_r': 1.0, 'expire_minutes': 10, 'min_stop_points': 15.0, 'tick': 0.25, 'entry_start_minute': 575, 'entry_end_minute': 900} -> 11999 trades, net $-27966
2026-07-11 22:06:34 INFO    src.backtest.engine | volume_spike_scalp: 12089 trades, 1153 ambiguous bars, 27 forced session-end exits
2026-07-11 22:06:34 INFO    src.validation.walk_forward | grid 14/48 {'z_threshold': 2.0, 'vol_lookback': 40, 'range_mult': 1.5, 'target_r': 1.0, 'expire_minutes': 20, 'min_stop_points': 15.0, 'tick': 0.25, 'entry_start_minute': 575, 'entry_end_minute': 900} -> 12089 trades, net $-28280
2026-07-11 22:06:38 INFO    src.backtest.engine | volume_spike_scalp: 11539 trades, 1044 ambiguous bars, 30 forced session-end exits
2026-07-11 22:06:39 INFO    src.validation.walk_forward | grid 15/48 {'z_threshold': 2.0, 'vol_lookback': 40, 'range_mult': 1.5, 'target_r': 1.5, 'expire_minutes': 10, 'min_stop_points': 15.0, 'tick': 0.25, 'entry_start_minute': 575, 'entry_end_minute': 900} -> 11539 trades, net $-30817
2026-07-11 22:06:43 INFO    src.backtest.engine | volume_spike_scalp: 11691 trades, 1150 ambiguous bars, 30 forced session-end exits
2026-07-11 22:06:43 INFO    src.validation.walk_forward | grid 16/48 {'z_threshold': 2.0, 'vol_lookback': 40, 'range_mult': 1.5, 'target_r': 1.5, 'expire_minutes': 20, 'min_stop_points': 15.0, 'tick': 0.25, 'entry_start_minute': 575, 'entry_end_minute': 900} -> 11691 trades, net $-31113
2026-07-11 22:06:47 INFO    src.backtest.engine | volume_spike_scalp: 10685 trades, 1116 ambiguous bars, 21 forced session-end exits
2026-07-11 22:06:47 INFO    src.validation.walk_forward | grid 17/48 {'z_threshold': 2.5, 'vol_lookback': 20, 'range_mult': 1.0, 'target_r': 1.0, 'expire_minutes': 10, 'min_stop_points': 15.0, 'tick': 0.25, 'entry_start_minute': 575, 'entry_end_minute': 900} -> 10685 trades, net $-29536
2026-07-11 22:06:51 INFO    src.backtest.engine | volume_spike_scalp: 10764 trades, 1160 ambiguous bars, 21 forced session-end exits
2026-07-11 22:06:51 INFO    src.validation.walk_forward | grid 18/48 {'z_threshold': 2.5, 'vol_lookback': 20, 'range_mult': 1.0, 'target_r': 1.0, 'expire_minutes': 20, 'min_stop_points': 15.0, 'tick': 0.25, 'entry_start_minute': 575, 'entry_end_minute': 900} -> 10764 trades, net $-29763
2026-07-11 22:06:55 INFO    src.backtest.engine | volume_spike_scalp: 10208 trades, 1060 ambiguous bars, 25 forced session-end exits
2026-07-11 22:06:55 INFO    src.validation.walk_forward | grid 19/48 {'z_threshold': 2.5, 'vol_lookback': 20, 'range_mult': 1.0, 'target_r': 1.5, 'expire_minutes': 10, 'min_stop_points': 15.0, 'tick': 0.25, 'entry_start_minute': 575, 'entry_end_minute': 900} -> 10208 trades, net $-29306
2026-07-11 22:06:59 INFO    src.backtest.engine | volume_spike_scalp: 10358 trades, 1146 ambiguous bars, 27 forced session-end exits
2026-07-11 22:06:59 INFO    src.validation.walk_forward | grid 20/48 {'z_threshold': 2.5, 'vol_lookback': 20, 'range_mult': 1.0, 'target_r': 1.5, 'expire_minutes': 20, 'min_stop_points': 15.0, 'tick': 0.25, 'entry_start_minute': 575, 'entry_end_minute': 900} -> 10358 trades, net $-29644
2026-07-11 22:07:03 INFO    src.backtest.engine | volume_spike_scalp: 9156 trades, 682 ambiguous bars, 22 forced session-end exits
2026-07-11 22:07:04 INFO    src.validation.walk_forward | grid 21/48 {'z_threshold': 2.5, 'vol_lookback': 20, 'range_mult': 1.5, 'target_r': 1.0, 'expire_minutes': 10, 'min_stop_points': 15.0, 'tick': 0.25, 'entry_start_minute': 575, 'entry_end_minute': 900} -> 9156 trades, net $-23192
2026-07-11 22:07:07 INFO    src.backtest.engine | volume_spike_scalp: 9225 trades, 717 ambiguous bars, 22 forced session-end exits
2026-07-11 22:07:07 INFO    src.validation.walk_forward | grid 22/48 {'z_threshold': 2.5, 'vol_lookback': 20, 'range_mult': 1.5, 'target_r': 1.0, 'expire_minutes': 20, 'min_stop_points': 15.0, 'tick': 0.25, 'entry_start_minute': 575, 'entry_end_minute': 900} -> 9225 trades, net $-23351
2026-07-11 22:07:11 INFO    src.backtest.engine | volume_spike_scalp: 8729 trades, 655 ambiguous bars, 26 forced session-end exits
2026-07-11 22:07:11 INFO    src.validation.walk_forward | grid 23/48 {'z_threshold': 2.5, 'vol_lookback': 20, 'range_mult': 1.5, 'target_r': 1.5, 'expire_minutes': 10, 'min_stop_points': 15.0, 'tick': 0.25, 'entry_start_minute': 575, 'entry_end_minute': 900} -> 8729 trades, net $-23294
2026-07-11 22:07:15 INFO    src.backtest.engine | volume_spike_scalp: 8865 trades, 727 ambiguous bars, 28 forced session-end exits
2026-07-11 22:07:15 INFO    src.validation.walk_forward | grid 24/48 {'z_threshold': 2.5, 'vol_lookback': 20, 'range_mult': 1.5, 'target_r': 1.5, 'expire_minutes': 20, 'min_stop_points': 15.0, 'tick': 0.25, 'entry_start_minute': 575, 'entry_end_minute': 900} -> 8865 trades, net $-23329
2026-07-11 22:07:19 INFO    src.backtest.engine | volume_spike_scalp: 9906 trades, 1027 ambiguous bars, 19 forced session-end exits
2026-07-11 22:07:20 INFO    src.validation.walk_forward | grid 25/48 {'z_threshold': 2.5, 'vol_lookback': 40, 'range_mult': 1.0, 'target_r': 1.0, 'expire_minutes': 10, 'min_stop_points': 15.0, 'tick': 0.25, 'entry_start_minute': 575, 'entry_end_minute': 900} -> 9906 trades, net $-23593
2026-07-11 22:07:23 INFO    src.backtest.engine | volume_spike_scalp: 10008 trades, 1072 ambiguous bars, 19 forced session-end exits
2026-07-11 22:07:23 INFO    src.validation.walk_forward | grid 26/48 {'z_threshold': 2.5, 'vol_lookback': 40, 'range_mult': 1.0, 'target_r': 1.0, 'expire_minutes': 20, 'min_stop_points': 15.0, 'tick': 0.25, 'entry_start_minute': 575, 'entry_end_minute': 900} -> 10008 trades, net $-23879
2026-07-11 22:07:27 INFO    src.backtest.engine | volume_spike_scalp: 9441 trades, 969 ambiguous bars, 22 forced session-end exits
2026-07-11 22:07:27 INFO    src.validation.walk_forward | grid 27/48 {'z_threshold': 2.5, 'vol_lookback': 40, 'range_mult': 1.0, 'target_r': 1.5, 'expire_minutes': 10, 'min_stop_points': 15.0, 'tick': 0.25, 'entry_start_minute': 575, 'entry_end_minute': 900} -> 9441 trades, net $-22946
2026-07-11 22:07:31 INFO    src.backtest.engine | volume_spike_scalp: 9598 trades, 1046 ambiguous bars, 23 forced session-end exits
2026-07-11 22:07:31 INFO    src.validation.walk_forward | grid 28/48 {'z_threshold': 2.5, 'vol_lookback': 40, 'range_mult': 1.0, 'target_r': 1.5, 'expire_minutes': 20, 'min_stop_points': 15.0, 'tick': 0.25, 'entry_start_minute': 575, 'entry_end_minute': 900} -> 9598 trades, net $-23053
2026-07-11 22:07:35 INFO    src.backtest.engine | volume_spike_scalp: 8785 trades, 715 ambiguous bars, 19 forced session-end exits
2026-07-11 22:07:35 INFO    src.validation.walk_forward | grid 29/48 {'z_threshold': 2.5, 'vol_lookback': 40, 'range_mult': 1.5, 'target_r': 1.0, 'expire_minutes': 10, 'min_stop_points': 15.0, 'tick': 0.25, 'entry_start_minute': 575, 'entry_end_minute': 900} -> 8785 trades, net $-19335
2026-07-11 22:07:39 INFO    src.backtest.engine | volume_spike_scalp: 8883 trades, 753 ambiguous bars, 19 forced session-end exits
2026-07-11 22:07:39 INFO    src.validation.walk_forward | grid 30/48 {'z_threshold': 2.5, 'vol_lookback': 40, 'range_mult': 1.5, 'target_r': 1.0, 'expire_minutes': 20, 'min_stop_points': 15.0, 'tick': 0.25, 'entry_start_minute': 575, 'entry_end_minute': 900} -> 8883 trades, net $-19398
2026-07-11 22:07:43 INFO    src.backtest.engine | volume_spike_scalp: 8371 trades, 672 ambiguous bars, 21 forced session-end exits
2026-07-11 22:07:43 INFO    src.validation.walk_forward | grid 31/48 {'z_threshold': 2.5, 'vol_lookback': 40, 'range_mult': 1.5, 'target_r': 1.5, 'expire_minutes': 10, 'min_stop_points': 15.0, 'tick': 0.25, 'entry_start_minute': 575, 'entry_end_minute': 900} -> 8371 trades, net $-17135
2026-07-11 22:07:47 INFO    src.backtest.engine | volume_spike_scalp: 8523 trades, 742 ambiguous bars, 22 forced session-end exits
2026-07-11 22:07:47 INFO    src.validation.walk_forward | grid 32/48 {'z_threshold': 2.5, 'vol_lookback': 40, 'range_mult': 1.5, 'target_r': 1.5, 'expire_minutes': 20, 'min_stop_points': 15.0, 'tick': 0.25, 'entry_start_minute': 575, 'entry_end_minute': 900} -> 8523 trades, net $-17347
2026-07-11 22:07:51 INFO    src.backtest.engine | volume_spike_scalp: 5626 trades, 487 ambiguous bars, 15 forced session-end exits
2026-07-11 22:07:51 INFO    src.validation.walk_forward | grid 33/48 {'z_threshold': 3.0, 'vol_lookback': 20, 'range_mult': 1.0, 'target_r': 1.0, 'expire_minutes': 10, 'min_stop_points': 15.0, 'tick': 0.25, 'entry_start_minute': 575, 'entry_end_minute': 900} -> 5626 trades, net $-12702
2026-07-11 22:07:55 INFO    src.backtest.engine | volume_spike_scalp: 5661 trades, 498 ambiguous bars, 15 forced session-end exits
2026-07-11 22:07:55 INFO    src.validation.walk_forward | grid 34/48 {'z_threshold': 3.0, 'vol_lookback': 20, 'range_mult': 1.0, 'target_r': 1.0, 'expire_minutes': 20, 'min_stop_points': 15.0, 'tick': 0.25, 'entry_start_minute': 575, 'entry_end_minute': 900} -> 5661 trades, net $-12876
2026-07-11 22:07:59 INFO    src.backtest.engine | volume_spike_scalp: 5445 trades, 463 ambiguous bars, 18 forced session-end exits
2026-07-11 22:07:59 INFO    src.validation.walk_forward | grid 35/48 {'z_threshold': 3.0, 'vol_lookback': 20, 'range_mult': 1.0, 'target_r': 1.5, 'expire_minutes': 10, 'min_stop_points': 15.0, 'tick': 0.25, 'entry_start_minute': 575, 'entry_end_minute': 900} -> 5445 trades, net $-13689
2026-07-11 22:08:03 INFO    src.backtest.engine | volume_spike_scalp: 5502 trades, 486 ambiguous bars, 20 forced session-end exits
2026-07-11 22:08:03 INFO    src.validation.walk_forward | grid 36/48 {'z_threshold': 3.0, 'vol_lookback': 20, 'range_mult': 1.0, 'target_r': 1.5, 'expire_minutes': 20, 'min_stop_points': 15.0, 'tick': 0.25, 'entry_start_minute': 575, 'entry_end_minute': 900} -> 5502 trades, net $-13504
2026-07-11 22:08:07 INFO    src.backtest.engine | volume_spike_scalp: 5120 trades, 355 ambiguous bars, 15 forced session-end exits
2026-07-11 22:08:07 INFO    src.validation.walk_forward | grid 37/48 {'z_threshold': 3.0, 'vol_lookback': 20, 'range_mult': 1.5, 'target_r': 1.0, 'expire_minutes': 10, 'min_stop_points': 15.0, 'tick': 0.25, 'entry_start_minute': 575, 'entry_end_minute': 900} -> 5120 trades, net $-9887
2026-07-11 22:08:11 INFO    src.backtest.engine | volume_spike_scalp: 5147 trades, 365 ambiguous bars, 16 forced session-end exits
2026-07-11 22:08:11 INFO    src.validation.walk_forward | grid 38/48 {'z_threshold': 3.0, 'vol_lookback': 20, 'range_mult': 1.5, 'target_r': 1.0, 'expire_minutes': 20, 'min_stop_points': 15.0, 'tick': 0.25, 'entry_start_minute': 575, 'entry_end_minute': 900} -> 5147 trades, net $-9947
2026-07-11 22:08:15 INFO    src.backtest.engine | volume_spike_scalp: 4959 trades, 336 ambiguous bars, 18 forced session-end exits
2026-07-11 22:08:15 INFO    src.validation.walk_forward | grid 39/48 {'z_threshold': 3.0, 'vol_lookback': 20, 'range_mult': 1.5, 'target_r': 1.5, 'expire_minutes': 10, 'min_stop_points': 15.0, 'tick': 0.25, 'entry_start_minute': 575, 'entry_end_minute': 900} -> 4959 trades, net $-10654
2026-07-11 22:08:19 INFO    src.backtest.engine | volume_spike_scalp: 5010 trades, 356 ambiguous bars, 21 forced session-end exits
2026-07-11 22:08:19 INFO    src.validation.walk_forward | grid 40/48 {'z_threshold': 3.0, 'vol_lookback': 20, 'range_mult': 1.5, 'target_r': 1.5, 'expire_minutes': 20, 'min_stop_points': 15.0, 'tick': 0.25, 'entry_start_minute': 575, 'entry_end_minute': 900} -> 5010 trades, net $-10450
2026-07-11 22:08:22 INFO    src.backtest.engine | volume_spike_scalp: 6174 trades, 589 ambiguous bars, 13 forced session-end exits
2026-07-11 22:08:22 INFO    src.validation.walk_forward | grid 41/48 {'z_threshold': 3.0, 'vol_lookback': 40, 'range_mult': 1.0, 'target_r': 1.0, 'expire_minutes': 10, 'min_stop_points': 15.0, 'tick': 0.25, 'entry_start_minute': 575, 'entry_end_minute': 900} -> 6174 trades, net $-17025
2026-07-11 22:08:26 INFO    src.backtest.engine | volume_spike_scalp: 6233 trades, 616 ambiguous bars, 13 forced session-end exits
2026-07-11 22:08:26 INFO    src.validation.walk_forward | grid 42/48 {'z_threshold': 3.0, 'vol_lookback': 40, 'range_mult': 1.0, 'target_r': 1.0, 'expire_minutes': 20, 'min_stop_points': 15.0, 'tick': 0.25, 'entry_start_minute': 575, 'entry_end_minute': 900} -> 6233 trades, net $-16978
2026-07-11 22:08:30 INFO    src.backtest.engine | volume_spike_scalp: 5926 trades, 562 ambiguous bars, 17 forced session-end exits
2026-07-11 22:08:30 INFO    src.validation.walk_forward | grid 43/48 {'z_threshold': 3.0, 'vol_lookback': 40, 'range_mult': 1.0, 'target_r': 1.5, 'expire_minutes': 10, 'min_stop_points': 15.0, 'tick': 0.25, 'entry_start_minute': 575, 'entry_end_minute': 900} -> 5926 trades, net $-15837
2026-07-11 22:08:34 INFO    src.backtest.engine | volume_spike_scalp: 6016 trades, 607 ambiguous bars, 17 forced session-end exits
2026-07-11 22:08:34 INFO    src.validation.walk_forward | grid 44/48 {'z_threshold': 3.0, 'vol_lookback': 40, 'range_mult': 1.0, 'target_r': 1.5, 'expire_minutes': 20, 'min_stop_points': 15.0, 'tick': 0.25, 'entry_start_minute': 575, 'entry_end_minute': 900} -> 6016 trades, net $-16075
2026-07-11 22:08:38 INFO    src.backtest.engine | volume_spike_scalp: 5627 trades, 438 ambiguous bars, 13 forced session-end exits
2026-07-11 22:08:38 INFO    src.validation.walk_forward | grid 45/48 {'z_threshold': 3.0, 'vol_lookback': 40, 'range_mult': 1.5, 'target_r': 1.0, 'expire_minutes': 10, 'min_stop_points': 15.0, 'tick': 0.25, 'entry_start_minute': 575, 'entry_end_minute': 900} -> 5627 trades, net $-14996
2026-07-11 22:08:42 INFO    src.backtest.engine | volume_spike_scalp: 5683 trades, 461 ambiguous bars, 13 forced session-end exits
2026-07-11 22:08:42 INFO    src.validation.walk_forward | grid 46/48 {'z_threshold': 3.0, 'vol_lookback': 40, 'range_mult': 1.5, 'target_r': 1.0, 'expire_minutes': 20, 'min_stop_points': 15.0, 'tick': 0.25, 'entry_start_minute': 575, 'entry_end_minute': 900} -> 5683 trades, net $-14981
2026-07-11 22:08:46 INFO    src.backtest.engine | volume_spike_scalp: 5408 trades, 419 ambiguous bars, 16 forced session-end exits
2026-07-11 22:08:46 INFO    src.validation.walk_forward | grid 47/48 {'z_threshold': 3.0, 'vol_lookback': 40, 'range_mult': 1.5, 'target_r': 1.5, 'expire_minutes': 10, 'min_stop_points': 15.0, 'tick': 0.25, 'entry_start_minute': 575, 'entry_end_minute': 900} -> 5408 trades, net $-13873
2026-07-11 22:08:50 INFO    src.backtest.engine | volume_spike_scalp: 5490 trades, 457 ambiguous bars, 16 forced session-end exits
2026-07-11 22:08:50 INFO    src.validation.walk_forward | grid 48/48 {'z_threshold': 3.0, 'vol_lookback': 40, 'range_mult': 1.5, 'target_r': 1.5, 'expire_minutes': 20, 'min_stop_points': 15.0, 'tick': 0.25, 'entry_start_minute': 575, 'entry_end_minute': 900} -> 5490 trades, net $-14173
2026-07-11 22:08:52 INFO    run_phase15 | mnq/mnq_vol_spike done: OOS 4015 trades net $-7291 amb=7.7% fold+=33% pass=5.3%
2026-07-11 22:08:52 INFO    run_phase15 | === Phase 15 mnq/mnq_fvg_vol (32 combos, 1m) ===
2026-07-11 22:08:56 INFO    src.backtest.engine | fvg_volume_scalp: 74 trades, 11 ambiguous bars, 0 forced session-end exits
2026-07-11 22:08:56 INFO    src.validation.walk_forward | grid 1/32 {'min_gap_points': 30.0, 'min_stop_points': 15.0, 'target_r': 1.0, 'expire_minutes': 20, 'z_threshold': 1.5, 'vol_lookback': 20, 'vwap_filter': True, 'tick': 0.25, 'entry_start_minute': 575, 'entry_end_minute': 900} -> 74 trades, net $-122
2026-07-11 22:09:00 INFO    src.backtest.engine | fvg_volume_scalp: 47 trades, 4 ambiguous bars, 0 forced session-end exits
2026-07-11 22:09:00 INFO    src.validation.walk_forward | grid 2/32 {'min_gap_points': 30.0, 'min_stop_points': 15.0, 'target_r': 1.0, 'expire_minutes': 20, 'z_threshold': 2.0, 'vol_lookback': 20, 'vwap_filter': True, 'tick': 0.25, 'entry_start_minute': 575, 'entry_end_minute': 900} -> 47 trades, net $-149
2026-07-11 22:09:04 INFO    src.backtest.engine | fvg_volume_scalp: 93 trades, 11 ambiguous bars, 0 forced session-end exits
2026-07-11 22:09:04 INFO    src.validation.walk_forward | grid 3/32 {'min_gap_points': 30.0, 'min_stop_points': 15.0, 'target_r': 1.0, 'expire_minutes': 40, 'z_threshold': 1.5, 'vol_lookback': 20, 'vwap_filter': True, 'tick': 0.25, 'entry_start_minute': 575, 'entry_end_minute': 900} -> 93 trades, net $145
2026-07-11 22:09:08 INFO    src.backtest.engine | fvg_volume_scalp: 62 trades, 4 ambiguous bars, 0 forced session-end exits
2026-07-11 22:09:08 INFO    src.validation.walk_forward | grid 4/32 {'min_gap_points': 30.0, 'min_stop_points': 15.0, 'target_r': 1.0, 'expire_minutes': 40, 'z_threshold': 2.0, 'vol_lookback': 20, 'vwap_filter': True, 'tick': 0.25, 'entry_start_minute': 575, 'entry_end_minute': 900} -> 62 trades, net $53
2026-07-11 22:09:11 INFO    src.backtest.engine | fvg_volume_scalp: 74 trades, 9 ambiguous bars, 0 forced session-end exits
2026-07-11 22:09:12 INFO    src.validation.walk_forward | grid 5/32 {'min_gap_points': 30.0, 'min_stop_points': 15.0, 'target_r': 1.5, 'expire_minutes': 20, 'z_threshold': 1.5, 'vol_lookback': 20, 'vwap_filter': True, 'tick': 0.25, 'entry_start_minute': 575, 'entry_end_minute': 900} -> 74 trades, net $21
2026-07-11 22:09:15 INFO    src.backtest.engine | fvg_volume_scalp: 47 trades, 4 ambiguous bars, 0 forced session-end exits
2026-07-11 22:09:15 INFO    src.validation.walk_forward | grid 6/32 {'min_gap_points': 30.0, 'min_stop_points': 15.0, 'target_r': 1.5, 'expire_minutes': 20, 'z_threshold': 2.0, 'vol_lookback': 20, 'vwap_filter': True, 'tick': 0.25, 'entry_start_minute': 575, 'entry_end_minute': 900} -> 47 trades, net $289
2026-07-11 22:09:19 INFO    src.backtest.engine | fvg_volume_scalp: 93 trades, 9 ambiguous bars, 0 forced session-end exits
2026-07-11 22:09:19 INFO    src.validation.walk_forward | grid 7/32 {'min_gap_points': 30.0, 'min_stop_points': 15.0, 'target_r': 1.5, 'expire_minutes': 40, 'z_threshold': 1.5, 'vol_lookback': 20, 'vwap_filter': True, 'tick': 0.25, 'entry_start_minute': 575, 'entry_end_minute': 900} -> 93 trades, net $154
2026-07-11 22:09:23 INFO    src.backtest.engine | fvg_volume_scalp: 62 trades, 4 ambiguous bars, 0 forced session-end exits
2026-07-11 22:09:23 INFO    src.validation.walk_forward | grid 8/32 {'min_gap_points': 30.0, 'min_stop_points': 15.0, 'target_r': 1.5, 'expire_minutes': 40, 'z_threshold': 2.0, 'vol_lookback': 20, 'vwap_filter': True, 'tick': 0.25, 'entry_start_minute': 575, 'entry_end_minute': 900} -> 62 trades, net $295
2026-07-11 22:09:27 INFO    src.backtest.engine | fvg_volume_scalp: 74 trades, 7 ambiguous bars, 0 forced session-end exits
2026-07-11 22:09:27 INFO    src.validation.walk_forward | grid 9/32 {'min_gap_points': 30.0, 'min_stop_points': 20.0, 'target_r': 1.0, 'expire_minutes': 20, 'z_threshold': 1.5, 'vol_lookback': 20, 'vwap_filter': True, 'tick': 0.25, 'entry_start_minute': 575, 'entry_end_minute': 900} -> 74 trades, net $86
2026-07-11 22:09:31 INFO    src.backtest.engine | fvg_volume_scalp: 47 trades, 3 ambiguous bars, 0 forced session-end exits
2026-07-11 22:09:31 INFO    src.validation.walk_forward | grid 10/32 {'min_gap_points': 30.0, 'min_stop_points': 20.0, 'target_r': 1.0, 'expire_minutes': 20, 'z_threshold': 2.0, 'vol_lookback': 20, 'vwap_filter': True, 'tick': 0.25, 'entry_start_minute': 575, 'entry_end_minute': 900} -> 47 trades, net $45
2026-07-11 22:09:35 INFO    src.backtest.engine | fvg_volume_scalp: 93 trades, 7 ambiguous bars, 0 forced session-end exits
2026-07-11 22:09:35 INFO    src.validation.walk_forward | grid 11/32 {'min_gap_points': 30.0, 'min_stop_points': 20.0, 'target_r': 1.0, 'expire_minutes': 40, 'z_threshold': 1.5, 'vol_lookback': 20, 'vwap_filter': True, 'tick': 0.25, 'entry_start_minute': 575, 'entry_end_minute': 900} -> 93 trades, net $358
2026-07-11 22:09:39 INFO    src.backtest.engine | fvg_volume_scalp: 62 trades, 3 ambiguous bars, 0 forced session-end exits
2026-07-11 22:09:39 INFO    src.validation.walk_forward | grid 12/32 {'min_gap_points': 30.0, 'min_stop_points': 20.0, 'target_r': 1.0, 'expire_minutes': 40, 'z_threshold': 2.0, 'vol_lookback': 20, 'vwap_filter': True, 'tick': 0.25, 'entry_start_minute': 575, 'entry_end_minute': 900} -> 62 trades, net $245
2026-07-11 22:09:42 INFO    src.backtest.engine | fvg_volume_scalp: 74 trades, 7 ambiguous bars, 0 forced session-end exits
2026-07-11 22:09:43 INFO    src.validation.walk_forward | grid 13/32 {'min_gap_points': 30.0, 'min_stop_points': 20.0, 'target_r': 1.5, 'expire_minutes': 20, 'z_threshold': 1.5, 'vol_lookback': 20, 'vwap_filter': True, 'tick': 0.25, 'entry_start_minute': 575, 'entry_end_minute': 900} -> 74 trades, net $-18
2026-07-11 22:09:46 INFO    src.backtest.engine | fvg_volume_scalp: 47 trades, 4 ambiguous bars, 0 forced session-end exits
2026-07-11 22:09:46 INFO    src.validation.walk_forward | grid 14/32 {'min_gap_points': 30.0, 'min_stop_points': 20.0, 'target_r': 1.5, 'expire_minutes': 20, 'z_threshold': 2.0, 'vol_lookback': 20, 'vwap_filter': True, 'tick': 0.25, 'entry_start_minute': 575, 'entry_end_minute': 900} -> 47 trades, net $336
2026-07-11 22:09:50 INFO    src.backtest.engine | fvg_volume_scalp: 93 trades, 7 ambiguous bars, 0 forced session-end exits
2026-07-11 22:09:50 INFO    src.validation.walk_forward | grid 15/32 {'min_gap_points': 30.0, 'min_stop_points': 20.0, 'target_r': 1.5, 'expire_minutes': 40, 'z_threshold': 1.5, 'vol_lookback': 20, 'vwap_filter': True, 'tick': 0.25, 'entry_start_minute': 575, 'entry_end_minute': 900} -> 93 trades, net $110
2026-07-11 22:09:54 INFO    src.backtest.engine | fvg_volume_scalp: 62 trades, 4 ambiguous bars, 0 forced session-end exits
2026-07-11 22:09:54 INFO    src.validation.walk_forward | grid 16/32 {'min_gap_points': 30.0, 'min_stop_points': 20.0, 'target_r': 1.5, 'expire_minutes': 40, 'z_threshold': 2.0, 'vol_lookback': 20, 'vwap_filter': True, 'tick': 0.25, 'entry_start_minute': 575, 'entry_end_minute': 900} -> 62 trades, net $326
2026-07-11 22:09:58 INFO    src.backtest.engine | fvg_volume_scalp: 24 trades, 2 ambiguous bars, 0 forced session-end exits
2026-07-11 22:09:58 INFO    src.validation.walk_forward | grid 17/32 {'min_gap_points': 45.0, 'min_stop_points': 15.0, 'target_r': 1.0, 'expire_minutes': 20, 'z_threshold': 1.5, 'vol_lookback': 20, 'vwap_filter': True, 'tick': 0.25, 'entry_start_minute': 575, 'entry_end_minute': 900} -> 24 trades, net $-35
2026-07-11 22:10:02 INFO    src.backtest.engine | fvg_volume_scalp: 15 trades, 1 ambiguous bars, 0 forced session-end exits
2026-07-11 22:10:03 INFO    src.validation.walk_forward | grid 18/32 {'min_gap_points': 45.0, 'min_stop_points': 15.0, 'target_r': 1.0, 'expire_minutes': 20, 'z_threshold': 2.0, 'vol_lookback': 20, 'vwap_filter': True, 'tick': 0.25, 'entry_start_minute': 575, 'entry_end_minute': 900} -> 15 trades, net $-48
2026-07-11 22:10:06 INFO    src.backtest.engine | fvg_volume_scalp: 32 trades, 2 ambiguous bars, 0 forced session-end exits
2026-07-11 22:10:07 INFO    src.validation.walk_forward | grid 19/32 {'min_gap_points': 45.0, 'min_stop_points': 15.0, 'target_r': 1.0, 'expire_minutes': 40, 'z_threshold': 1.5, 'vol_lookback': 20, 'vwap_filter': True, 'tick': 0.25, 'entry_start_minute': 575, 'entry_end_minute': 900} -> 32 trades, net $136
2026-07-11 22:10:10 INFO    src.backtest.engine | fvg_volume_scalp: 21 trades, 1 ambiguous bars, 0 forced session-end exits
2026-07-11 22:10:10 INFO    src.validation.walk_forward | grid 20/32 {'min_gap_points': 45.0, 'min_stop_points': 15.0, 'target_r': 1.0, 'expire_minutes': 40, 'z_threshold': 2.0, 'vol_lookback': 20, 'vwap_filter': True, 'tick': 0.25, 'entry_start_minute': 575, 'entry_end_minute': 900} -> 21 trades, net $131
2026-07-11 22:10:14 INFO    src.backtest.engine | fvg_volume_scalp: 24 trades, 2 ambiguous bars, 0 forced session-end exits
2026-07-11 22:10:14 INFO    src.validation.walk_forward | grid 21/32 {'min_gap_points': 45.0, 'min_stop_points': 15.0, 'target_r': 1.5, 'expire_minutes': 20, 'z_threshold': 1.5, 'vol_lookback': 20, 'vwap_filter': True, 'tick': 0.25, 'entry_start_minute': 575, 'entry_end_minute': 900} -> 24 trades, net $227
2026-07-11 22:10:18 INFO    src.backtest.engine | fvg_volume_scalp: 15 trades, 1 ambiguous bars, 0 forced session-end exits
2026-07-11 22:10:18 INFO    src.validation.walk_forward | grid 22/32 {'min_gap_points': 45.0, 'min_stop_points': 15.0, 'target_r': 1.5, 'expire_minutes': 20, 'z_threshold': 2.0, 'vol_lookback': 20, 'vwap_filter': True, 'tick': 0.25, 'entry_start_minute': 575, 'entry_end_minute': 900} -> 15 trades, net $280
2026-07-11 22:10:22 INFO    src.backtest.engine | fvg_volume_scalp: 32 trades, 2 ambiguous bars, 0 forced session-end exits
2026-07-11 22:10:22 INFO    src.validation.walk_forward | grid 23/32 {'min_gap_points': 45.0, 'min_stop_points': 15.0, 'target_r': 1.5, 'expire_minutes': 40, 'z_threshold': 1.5, 'vol_lookback': 20, 'vwap_filter': True, 'tick': 0.25, 'entry_start_minute': 575, 'entry_end_minute': 900} -> 32 trades, net $210
2026-07-11 22:10:26 INFO    src.backtest.engine | fvg_volume_scalp: 21 trades, 1 ambiguous bars, 0 forced session-end exits
2026-07-11 22:10:26 INFO    src.validation.walk_forward | grid 24/32 {'min_gap_points': 45.0, 'min_stop_points': 15.0, 'target_r': 1.5, 'expire_minutes': 40, 'z_threshold': 2.0, 'vol_lookback': 20, 'vwap_filter': True, 'tick': 0.25, 'entry_start_minute': 575, 'entry_end_minute': 900} -> 21 trades, net $249
2026-07-11 22:10:30 INFO    src.backtest.engine | fvg_volume_scalp: 24 trades, 2 ambiguous bars, 0 forced session-end exits
2026-07-11 22:10:30 INFO    src.validation.walk_forward | grid 25/32 {'min_gap_points': 45.0, 'min_stop_points': 20.0, 'target_r': 1.0, 'expire_minutes': 20, 'z_threshold': 1.5, 'vol_lookback': 20, 'vwap_filter': True, 'tick': 0.25, 'entry_start_minute': 575, 'entry_end_minute': 900} -> 24 trades, net $-35
2026-07-11 22:10:34 INFO    src.backtest.engine | fvg_volume_scalp: 15 trades, 1 ambiguous bars, 0 forced session-end exits
2026-07-11 22:10:34 INFO    src.validation.walk_forward | grid 26/32 {'min_gap_points': 45.0, 'min_stop_points': 20.0, 'target_r': 1.0, 'expire_minutes': 20, 'z_threshold': 2.0, 'vol_lookback': 20, 'vwap_filter': True, 'tick': 0.25, 'entry_start_minute': 575, 'entry_end_minute': 900} -> 15 trades, net $-48
2026-07-11 22:10:38 INFO    src.backtest.engine | fvg_volume_scalp: 32 trades, 2 ambiguous bars, 0 forced session-end exits
2026-07-11 22:10:38 INFO    src.validation.walk_forward | grid 27/32 {'min_gap_points': 45.0, 'min_stop_points': 20.0, 'target_r': 1.0, 'expire_minutes': 40, 'z_threshold': 1.5, 'vol_lookback': 20, 'vwap_filter': True, 'tick': 0.25, 'entry_start_minute': 575, 'entry_end_minute': 900} -> 32 trades, net $136
2026-07-11 22:10:42 INFO    src.backtest.engine | fvg_volume_scalp: 21 trades, 1 ambiguous bars, 0 forced session-end exits
2026-07-11 22:10:42 INFO    src.validation.walk_forward | grid 28/32 {'min_gap_points': 45.0, 'min_stop_points': 20.0, 'target_r': 1.0, 'expire_minutes': 40, 'z_threshold': 2.0, 'vol_lookback': 20, 'vwap_filter': True, 'tick': 0.25, 'entry_start_minute': 575, 'entry_end_minute': 900} -> 21 trades, net $131
2026-07-11 22:10:45 INFO    src.backtest.engine | fvg_volume_scalp: 24 trades, 2 ambiguous bars, 0 forced session-end exits
2026-07-11 22:10:45 INFO    src.validation.walk_forward | grid 29/32 {'min_gap_points': 45.0, 'min_stop_points': 20.0, 'target_r': 1.5, 'expire_minutes': 20, 'z_threshold': 1.5, 'vol_lookback': 20, 'vwap_filter': True, 'tick': 0.25, 'entry_start_minute': 575, 'entry_end_minute': 900} -> 24 trades, net $227
2026-07-11 22:10:49 INFO    src.backtest.engine | fvg_volume_scalp: 15 trades, 1 ambiguous bars, 0 forced session-end exits
2026-07-11 22:10:49 INFO    src.validation.walk_forward | grid 30/32 {'min_gap_points': 45.0, 'min_stop_points': 20.0, 'target_r': 1.5, 'expire_minutes': 20, 'z_threshold': 2.0, 'vol_lookback': 20, 'vwap_filter': True, 'tick': 0.25, 'entry_start_minute': 575, 'entry_end_minute': 900} -> 15 trades, net $280
2026-07-11 22:10:53 INFO    src.backtest.engine | fvg_volume_scalp: 32 trades, 2 ambiguous bars, 0 forced session-end exits
2026-07-11 22:10:53 INFO    src.validation.walk_forward | grid 31/32 {'min_gap_points': 45.0, 'min_stop_points': 20.0, 'target_r': 1.5, 'expire_minutes': 40, 'z_threshold': 1.5, 'vol_lookback': 20, 'vwap_filter': True, 'tick': 0.25, 'entry_start_minute': 575, 'entry_end_minute': 900} -> 32 trades, net $210
2026-07-11 22:10:57 INFO    src.backtest.engine | fvg_volume_scalp: 21 trades, 1 ambiguous bars, 0 forced session-end exits
2026-07-11 22:10:57 INFO    src.validation.walk_forward | grid 32/32 {'min_gap_points': 45.0, 'min_stop_points': 20.0, 'target_r': 1.5, 'expire_minutes': 40, 'z_threshold': 2.0, 'vol_lookback': 20, 'vwap_filter': True, 'tick': 0.25, 'entry_start_minute': 575, 'entry_end_minute': 900} -> 21 trades, net $249
2026-07-11 22:10:58 INFO    run_phase15 | mnq/mnq_fvg_vol done: OOS 7 trades net $182 amb=0.0% fold+=11% pass=89.5%
2026-07-11 22:10:59 INFO    src.backtest.engine | fvg_volume_scalp: 31 trades, 3 ambiguous bars, 0 forced session-end exits
2026-07-11 22:10:59 INFO    src.backtest.engine | fvg_volume_scalp: 31 trades, 3 ambiguous bars, 0 forced session-end exits
2026-07-11 22:10:59 INFO    src.backtest.engine | fvg_volume_scalp: 31 trades, 3 ambiguous bars, 0 forced session-end exits
2026-07-11 22:11:00 INFO    src.backtest.engine | volume_spike_scalp: 728 trades, 55 ambiguous bars, 1 forced session-end exits
2026-07-11 22:11:01 INFO    src.backtest.engine | volume_spike_scalp: 728 trades, 55 ambiguous bars, 1 forced session-end exits
2026-07-11 22:11:01 INFO    src.backtest.engine | volume_spike_scalp: 728 trades, 55 ambiguous bars, 1 forced session-end exits
2026-07-11 22:11:01 INFO    src.backtest.engine | fvg_scalp: 191 trades, 17 ambiguous bars, 0 forced session-end exits
2026-07-11 22:11:02 INFO    src.backtest.engine | fvg_scalp: 191 trades, 17 ambiguous bars, 0 forced session-end exits
2026-07-11 22:11:02 INFO    src.backtest.engine | fvg_scalp: 191 trades, 17 ambiguous bars, 0 forced session-end exits
2026-07-11 22:11:02 INFO    run_phase15 | Report → data/reports/phase15_mnq_leaderboard.md
